#
# A fatal error has been detected by the Java Runtime Environment:
#
#  Internal Error (safepoint.cpp:919), pid=62794, tid=27651
#  fatal error: Illegal threadstate encountered: 4
#
# JRE version: Java(TM) SE Runtime Environment 18.9 (11.0.12+8) (build 11.0.12+8-LTS-237)
# Java VM: Java HotSpot(TM) 64-Bit Server VM 18.9 (11.0.12+8-LTS-237, mixed mode, tiered, compressed oops, g1 gc, bsd-amd64)
# No core dump will be written. Core dumps have been disabled. To enable core dumping, try "ulimit -c unlimited" before starting Java again
#
# If you would like to submit a bug report, please visit:
#   https://bugreport.java.com/bugreport/crash.jsp
# The crash happened outside the Java Virtual Machine in native code.
# See problematic frame for where to report the bug.
#

---------------  S U M M A R Y ------------

Command Line: --module-path=/Users/harrisonkennethmccauley/Downloads/javafx-sdk-11.0.2/lib --add-modules=javafx.controls -Djava.library.path=/Users/harrisonkennethmccauley/Downloads/javafx-sdk-11.0.2/lib -javaagent:/Users/harrisonkennethmccauley/Library/Application Support/JetBrains/Toolbox/apps/IDEA-U/ch-0/213.7172.25/IntelliJ IDEA.app/Contents/lib/idea_rt.jar=49421:/Users/harrisonkennethmccauley/Library/Application Support/JetBrains/Toolbox/apps/IDEA-U/ch-0/213.7172.25/IntelliJ IDEA.app/Contents/bin -Dfile.encoding=UTF-8 Jordle

Host: MacBookPro14,2 x86_64 3100 MHz, 4 cores, 8G, Darwin 21.4.0
Time: Mon Apr 11 19:22:31 2022 EDT elapsed time: 26.810991 seconds (0d 0h 0m 26s)

---------------  T H R E A D  ---------------

Current thread (0x00007faa571af000):  JavaThread "InvokeLaterDispatcher" daemon [_thread_in_native, id=27651, stack(0x000070000a438000,0x000070000a538000)]

Stack: [0x000070000a438000,0x000070000a538000],  sp=0x000070000a5362c0,  free space=1016k
Native frames: (J=compiled Java code, A=aot compiled Java code, j=interpreted, Vv=VM code, C=native code)
V  [libjvm.dylib+0x7959fc]  _ZN7VMError14report_and_dieEiPKcS1_P13__va_list_tagP6ThreadPhPvS7_S1_im+0x54c
V  [libjvm.dylib+0x79618d]  _ZN7VMError14report_and_dieEP6ThreadPvPKciS4_S4_P13__va_list_tag+0x3f
V  [libjvm.dylib+0x2615d1]  _Z12report_fatalPKciS0_z+0xb5
V  [libjvm.dylib+0x6b55e2]  _ZN20SafepointSynchronize5blockEP10JavaThread+0x1ce
V  [libjvm.dylib+0x74524c]  _ZN10JavaThread44check_safepoint_and_suspend_for_native_transEPS_+0xa8
V  [libjvm.dylib+0x3da37a]  jni_DeleteGlobalRef+0x91
C  [libglass.dylib+0x8851]  -[GlassRunnable dealloc]+0x31
C  [Foundation+0x81bee]  -[_NSThreadPerformInfo dealloc]+0x2a
C  [Foundation+0x4e496]  -[NSObject(NSThreadPerformAdditions) performSelectorOnMainThread:withObject:waitUntilDone:]+0x7c
J 2976  com.sun.glass.ui.mac.MacApplication._submitForLaterInvocation(Ljava/lang/Runnable;)V javafx.graphics (0 bytes) @ 0x000000012235918f [0x00000001223590c0+0x00000000000000cf]
J 2975 c1 com.sun.glass.ui.mac.MacApplication.submitForLaterInvocation(Ljava/lang/Runnable;)V javafx.graphics (6 bytes) @ 0x000000011b2773b4 [0x000000011b277340+0x0000000000000074]
j  com.sun.glass.ui.InvokeLaterDispatcher.run()V+82 javafx.graphics
v  ~StubRoutines::call_stub
V  [libjvm.dylib+0x39b3e7]  _ZN9JavaCalls11call_helperEP9JavaValueRK12methodHandleP17JavaCallArgumentsP6Thread+0x21d
V  [libjvm.dylib+0x39a849]  _ZN9JavaCalls12call_virtualEP9JavaValueP5KlassP6SymbolS5_P17JavaCallArgumentsP6Thread+0xe9
V  [libjvm.dylib+0x39a904]  _ZN9JavaCalls12call_virtualEP9JavaValue6HandleP5KlassP6SymbolS6_P6Thread+0x62
V  [libjvm.dylib+0x422d20]  _ZL12thread_entryP10JavaThreadP6Thread+0x78
V  [libjvm.dylib+0x743c46]  _ZN10JavaThread17thread_main_innerEv+0x82
V  [libjvm.dylib+0x743a97]  _ZN10JavaThread3runEv+0x173
V  [libjvm.dylib+0x7418de]  _ZN6Thread8call_runEv+0x68
V  [libjvm.dylib+0x6468d2]  _ZL19thread_native_entryP6Thread+0x136
C  [libsystem_pthread.dylib+0x64e1]  _pthread_start+0x7d
C  [libsystem_pthread.dylib+0x1f6b]  thread_start+0xf

Java frames: (J=compiled Java code, j=interpreted, Vv=VM code)
J 2976  com.sun.glass.ui.mac.MacApplication._submitForLaterInvocation(Ljava/lang/Runnable;)V javafx.graphics (0 bytes) @ 0x000000012235911c [0x00000001223590c0+0x000000000000005c]
J 2975 c1 com.sun.glass.ui.mac.MacApplication.submitForLaterInvocation(Ljava/lang/Runnable;)V javafx.graphics (6 bytes) @ 0x000000011b2773b4 [0x000000011b277340+0x0000000000000074]
j  com.sun.glass.ui.InvokeLaterDispatcher.run()V+82 javafx.graphics
v  ~StubRoutines::call_stub

---------------  P R O C E S S  ---------------

Threads class SMR info:
_java_thread_list=0x00006000028b48c0, length=18, elements={
0x00007faa57812000, 0x00007faa55859000, 0x00007faa5680b800, 0x00007faa57056000,
0x00007faa5681a000, 0x00007faa5585c000, 0x00007faa5705e800, 0x00007faa570ca800,
0x00007faa558b3000, 0x00007faa56916000, 0x00007faa57137800, 0x00007faa571af000,
0x00007faa579eb800, 0x00007faa57a17000, 0x00007faa57221800, 0x00007faa559b6000,
0x00007faa57a24000, 0x00007faa56a01000
}

Java Threads: ( => current thread )
  0x00007faa57812000 JavaThread "main" [_thread_blocked, id=6403, stack(0x0000700008ef6000,0x0000700008ff6000)]
  0x00007faa55859000 JavaThread "Reference Handler" daemon [_thread_blocked, id=18691, stack(0x000070000960b000,0x000070000970b000)]
  0x00007faa5680b800 JavaThread "Finalizer" daemon [_thread_blocked, id=14595, stack(0x000070000970e000,0x000070000980e000)]
  0x00007faa57056000 JavaThread "Signal Dispatcher" daemon [_thread_blocked, id=16643, stack(0x0000700009917000,0x0000700009a17000)]
  0x00007faa5681a000 JavaThread "Service Thread" daemon [_thread_blocked, id=21763, stack(0x0000700009a1a000,0x0000700009b1a000)]
  0x00007faa5585c000 JavaThread "C2 CompilerThread0" daemon [_thread_in_native, id=22531, stack(0x0000700009b1d000,0x0000700009c1d000)]
  0x00007faa5705e800 JavaThread "C1 CompilerThread0" daemon [_thread_blocked, id=22787, stack(0x0000700009c20000,0x0000700009d20000)]
  0x00007faa570ca800 JavaThread "Sweeper thread" daemon [_thread_blocked, id=42499, stack(0x0000700009d23000,0x0000700009e23000)]
  0x00007faa558b3000 JavaThread "Common-Cleaner" daemon [_thread_blocked, id=23555, stack(0x0000700009e26000,0x0000700009f26000)]
  0x00007faa56916000 JavaThread "Monitor Ctrl-Break" daemon [_thread_in_native, id=24067, stack(0x0000700009f29000,0x000070000a029000)]
  0x00007faa57137800 JavaThread "QuantumRenderer-0" daemon [_thread_blocked, id=40963, stack(0x000070000a12f000,0x000070000a22f000)]
=>0x00007faa571af000 JavaThread "InvokeLaterDispatcher" daemon [_thread_in_native, id=27651, stack(0x000070000a438000,0x000070000a538000)]
  0x00007faa579eb800 JavaThread "JavaFX Application Thread" [_thread_in_native_trans, id=259, stack(0x00007ff7af72a000,0x00007ff7aff2a000)]
  0x00007faa57a17000 JavaThread "Attach Listener" daemon [_thread_blocked, id=49415, stack(0x000070000a641000,0x000070000a741000)]
  0x00007faa57221800 JavaThread "Thread-2" daemon [_thread_in_native, id=83719, stack(0x000070000a5be000,0x000070000a63e000)]
  0x00007faa559b6000 JavaThread "JavaFX-Launcher" [_thread_blocked, id=73731, stack(0x000070000a950000,0x000070000aa50000)]
  0x00007faa57a24000 JavaThread "Prism Font Disposer" daemon [_thread_blocked, id=72719, stack(0x000070000aa53000,0x000070000ab53000)]
  0x00007faa56a01000 JavaThread "Cleaner-0" daemon [_thread_blocked, id=59907, stack(0x000070000ab56000,0x000070000ac56000)]

Other Threads:
  0x00007faa5680b000 VMThread "VM Thread" [stack: 0x0000700009508000,0x0000700009608000] [id=19203]
  0x00007faa5594c000 WatcherThread [stack: 0x000070000a02c000,0x000070000a12c000] [id=41475]
  0x00007faa5700f800 GCTaskThread "GC Thread#0" [stack: 0x0000700008ff9000,0x00007000090f9000] [id=20995]
  0x00007faa571ad800 GCTaskThread "GC Thread#1" [stack: 0x000070000a232000,0x000070000a332000] [id=37123]
  0x00007faa571ae800 GCTaskThread "GC Thread#2" [stack: 0x000070000a335000,0x000070000a435000] [id=36867]
  0x00007faa55b9e000 GCTaskThread "GC Thread#3" [stack: 0x000070000ac59000,0x000070000ad59000] [id=60419]
  0x00007faa57030800 ConcurrentGCThread "G1 Main Marker" [stack: 0x00007000090fc000,0x00007000091fc000] [id=11523]
  0x00007faa57031000 ConcurrentGCThread "G1 Conc#0" [stack: 0x00007000091ff000,0x00007000092ff000] [id=12547]
  0x00007faa55834000 ConcurrentGCThread "G1 Refine#0" [stack: 0x0000700009302000,0x0000700009402000] [id=20483]
  0x00007faa55835000 ConcurrentGCThread "G1 Young RemSet Sampling" [stack: 0x0000700009405000,0x0000700009505000] [id=20227]

Threads with active compile tasks:
C2 CompilerThread0  26829 3107       4       com.sun.javafx.geom.transform.AffineBase::doTransform (657 bytes)

VM state:not at safepoint (normal execution)

VM Mutex/Monitor currently owned by a thread: None

Heap address: 0x0000000780000000, size: 2048 MB, Compressed Oops mode: Zero based, Oop shift amount: 3
Narrow klass base: 0x0000000800000000, Narrow klass shift: 0
Compressed class space size: 1073741824 Address: 0x0000000800000000

Heap:
 garbage-first heap   total 131072K, used 16691K [0x0000000780000000, 0x0000000800000000)
  region size 1024K, 15 young (15360K), 7 survivors (7168K)
 Metaspace       used 22744K, capacity 23480K, committed 23600K, reserved 1069056K
  class space    used 2789K, capacity 3123K, committed 3200K, reserved 1048576K
Heap Regions: E=young(eden), S=young(survivor), O=old, HS=humongous(starts), HC=humongous(continues), CS=collection set, F=free, A=archive, TAMS=top-at-mark-start (previous, next)
|   0|0x0000000780000000, 0x000000078004cc00, 0x0000000780100000| 29%| O|  |TAMS 0x000000078004cc00, 0x0000000780000000| Untracked 
|   1|0x0000000780100000, 0x0000000780200000, 0x0000000780200000|100%|HS|  |TAMS 0x0000000780100000, 0x0000000780100000| Complete 
|   2|0x0000000780200000, 0x0000000780300000, 0x0000000780300000|100%|HC|  |TAMS 0x0000000780200000, 0x0000000780200000| Complete 
|   3|0x0000000780300000, 0x0000000780300000, 0x0000000780400000|  0%| F|  |TAMS 0x0000000780300000, 0x0000000780300000| Untracked 
|   4|0x0000000780400000, 0x0000000780400000, 0x0000000780500000|  0%| F|  |TAMS 0x0000000780400000, 0x0000000780400000| Untracked 
|   5|0x0000000780500000, 0x0000000780500000, 0x0000000780600000|  0%| F|  |TAMS 0x0000000780500000, 0x0000000780500000| Untracked 
|   6|0x0000000780600000, 0x0000000780600000, 0x0000000780700000|  0%| F|  |TAMS 0x0000000780600000, 0x0000000780600000| Untracked 
|   7|0x0000000780700000, 0x0000000780700000, 0x0000000780800000|  0%| F|  |TAMS 0x0000000780700000, 0x0000000780700000| Untracked 
|   8|0x0000000780800000, 0x0000000780800000, 0x0000000780900000|  0%| F|  |TAMS 0x0000000780800000, 0x0000000780800000| Untracked 
|   9|0x0000000780900000, 0x0000000780900000, 0x0000000780a00000|  0%| F|  |TAMS 0x0000000780900000, 0x0000000780900000| Untracked 
|  10|0x0000000780a00000, 0x0000000780a00000, 0x0000000780b00000|  0%| F|  |TAMS 0x0000000780a00000, 0x0000000780a00000| Untracked 
|  11|0x0000000780b00000, 0x0000000780b00000, 0x0000000780c00000|  0%| F|  |TAMS 0x0000000780b00000, 0x0000000780b00000| Untracked 
|  12|0x0000000780c00000, 0x0000000780c00000, 0x0000000780d00000|  0%| F|  |TAMS 0x0000000780c00000, 0x0000000780c00000| Untracked 
|  13|0x0000000780d00000, 0x0000000780d00000, 0x0000000780e00000|  0%| F|  |TAMS 0x0000000780d00000, 0x0000000780d00000| Untracked 
|  14|0x0000000780e00000, 0x0000000780e00000, 0x0000000780f00000|  0%| F|  |TAMS 0x0000000780e00000, 0x0000000780e00000| Untracked 
|  15|0x0000000780f00000, 0x0000000780f00000, 0x0000000781000000|  0%| F|  |TAMS 0x0000000780f00000, 0x0000000780f00000| Untracked 
|  16|0x0000000781000000, 0x0000000781000000, 0x0000000781100000|  0%| F|  |TAMS 0x0000000781000000, 0x0000000781000000| Untracked 
|  17|0x0000000781100000, 0x0000000781100000, 0x0000000781200000|  0%| F|  |TAMS 0x0000000781100000, 0x0000000781100000| Untracked 
|  18|0x0000000781200000, 0x0000000781200000, 0x0000000781300000|  0%| F|  |TAMS 0x0000000781200000, 0x0000000781200000| Untracked 
|  19|0x0000000781300000, 0x0000000781300000, 0x0000000781400000|  0%| F|  |TAMS 0x0000000781300000, 0x0000000781300000| Untracked 
|  20|0x0000000781400000, 0x0000000781400000, 0x0000000781500000|  0%| F|  |TAMS 0x0000000781400000, 0x0000000781400000| Untracked 
|  21|0x0000000781500000, 0x0000000781500000, 0x0000000781600000|  0%| F|  |TAMS 0x0000000781500000, 0x0000000781500000| Untracked 
|  22|0x0000000781600000, 0x0000000781600000, 0x0000000781700000|  0%| F|  |TAMS 0x0000000781600000, 0x0000000781600000| Untracked 
|  23|0x0000000781700000, 0x0000000781700000, 0x0000000781800000|  0%| F|  |TAMS 0x0000000781700000, 0x0000000781700000| Untracked 
|  24|0x0000000781800000, 0x0000000781800000, 0x0000000781900000|  0%| F|  |TAMS 0x0000000781800000, 0x0000000781800000| Untracked 
|  25|0x0000000781900000, 0x0000000781900000, 0x0000000781a00000|  0%| F|  |TAMS 0x0000000781900000, 0x0000000781900000| Untracked 
|  26|0x0000000781a00000, 0x0000000781a00000, 0x0000000781b00000|  0%| F|  |TAMS 0x0000000781a00000, 0x0000000781a00000| Untracked 
|  27|0x0000000781b00000, 0x0000000781b00000, 0x0000000781c00000|  0%| F|  |TAMS 0x0000000781b00000, 0x0000000781b00000| Untracked 
|  28|0x0000000781c00000, 0x0000000781c00000, 0x0000000781d00000|  0%| F|  |TAMS 0x0000000781c00000, 0x0000000781c00000| Untracked 
|  29|0x0000000781d00000, 0x0000000781d00000, 0x0000000781e00000|  0%| F|  |TAMS 0x0000000781d00000, 0x0000000781d00000| Untracked 
|  30|0x0000000781e00000, 0x0000000781e00000, 0x0000000781f00000|  0%| F|  |TAMS 0x0000000781e00000, 0x0000000781e00000| Untracked 
|  31|0x0000000781f00000, 0x0000000781f00000, 0x0000000782000000|  0%| F|  |TAMS 0x0000000781f00000, 0x0000000781f00000| Untracked 
|  32|0x0000000782000000, 0x0000000782000000, 0x0000000782100000|  0%| F|  |TAMS 0x0000000782000000, 0x0000000782000000| Untracked 
|  33|0x0000000782100000, 0x0000000782100000, 0x0000000782200000|  0%| F|  |TAMS 0x0000000782100000, 0x0000000782100000| Untracked 
|  34|0x0000000782200000, 0x0000000782200000, 0x0000000782300000|  0%| F|  |TAMS 0x0000000782200000, 0x0000000782200000| Untracked 
|  35|0x0000000782300000, 0x0000000782300000, 0x0000000782400000|  0%| F|  |TAMS 0x0000000782300000, 0x0000000782300000| Untracked 
|  36|0x0000000782400000, 0x0000000782400000, 0x0000000782500000|  0%| F|  |TAMS 0x0000000782400000, 0x0000000782400000| Untracked 
|  37|0x0000000782500000, 0x0000000782500000, 0x0000000782600000|  0%| F|  |TAMS 0x0000000782500000, 0x0000000782500000| Untracked 
|  38|0x0000000782600000, 0x0000000782600000, 0x0000000782700000|  0%| F|  |TAMS 0x0000000782600000, 0x0000000782600000| Untracked 
|  39|0x0000000782700000, 0x0000000782700000, 0x0000000782800000|  0%| F|  |TAMS 0x0000000782700000, 0x0000000782700000| Untracked 
|  40|0x0000000782800000, 0x0000000782800000, 0x0000000782900000|  0%| F|  |TAMS 0x0000000782800000, 0x0000000782800000| Untracked 
|  41|0x0000000782900000, 0x0000000782900000, 0x0000000782a00000|  0%| F|  |TAMS 0x0000000782900000, 0x0000000782900000| Untracked 
|  42|0x0000000782a00000, 0x0000000782a00000, 0x0000000782b00000|  0%| F|  |TAMS 0x0000000782a00000, 0x0000000782a00000| Untracked 
|  43|0x0000000782b00000, 0x0000000782b00000, 0x0000000782c00000|  0%| F|  |TAMS 0x0000000782b00000, 0x0000000782b00000| Untracked 
|  44|0x0000000782c00000, 0x0000000782c00000, 0x0000000782d00000|  0%| F|  |TAMS 0x0000000782c00000, 0x0000000782c00000| Untracked 
|  45|0x0000000782d00000, 0x0000000782d00000, 0x0000000782e00000|  0%| F|  |TAMS 0x0000000782d00000, 0x0000000782d00000| Untracked 
|  46|0x0000000782e00000, 0x0000000782e00000, 0x0000000782f00000|  0%| F|  |TAMS 0x0000000782e00000, 0x0000000782e00000| Untracked 
|  47|0x0000000782f00000, 0x0000000782f00000, 0x0000000783000000|  0%| F|  |TAMS 0x0000000782f00000, 0x0000000782f00000| Untracked 
|  48|0x0000000783000000, 0x0000000783000000, 0x0000000783100000|  0%| F|  |TAMS 0x0000000783000000, 0x0000000783000000| Untracked 
|  49|0x0000000783100000, 0x0000000783100000, 0x0000000783200000|  0%| F|  |TAMS 0x0000000783100000, 0x0000000783100000| Untracked 
|  50|0x0000000783200000, 0x0000000783200000, 0x0000000783300000|  0%| F|  |TAMS 0x0000000783200000, 0x0000000783200000| Untracked 
|  51|0x0000000783300000, 0x0000000783300000, 0x0000000783400000|  0%| F|  |TAMS 0x0000000783300000, 0x0000000783300000| Untracked 
|  52|0x0000000783400000, 0x0000000783400000, 0x0000000783500000|  0%| F|  |TAMS 0x0000000783400000, 0x0000000783400000| Untracked 
|  53|0x0000000783500000, 0x0000000783500000, 0x0000000783600000|  0%| F|  |TAMS 0x0000000783500000, 0x0000000783500000| Untracked 
|  54|0x0000000783600000, 0x0000000783600000, 0x0000000783700000|  0%| F|  |TAMS 0x0000000783600000, 0x0000000783600000| Untracked 
|  55|0x0000000783700000, 0x0000000783700000, 0x0000000783800000|  0%| F|  |TAMS 0x0000000783700000, 0x0000000783700000| Untracked 
|  56|0x0000000783800000, 0x0000000783800000, 0x0000000783900000|  0%| F|  |TAMS 0x0000000783800000, 0x0000000783800000| Untracked 
|  57|0x0000000783900000, 0x0000000783900000, 0x0000000783a00000|  0%| F|  |TAMS 0x0000000783900000, 0x0000000783900000| Untracked 
|  58|0x0000000783a00000, 0x0000000783a00000, 0x0000000783b00000|  0%| F|  |TAMS 0x0000000783a00000, 0x0000000783a00000| Untracked 
|  59|0x0000000783b00000, 0x0000000783b00000, 0x0000000783c00000|  0%| F|  |TAMS 0x0000000783b00000, 0x0000000783b00000| Untracked 
|  60|0x0000000783c00000, 0x0000000783c00000, 0x0000000783d00000|  0%| F|  |TAMS 0x0000000783c00000, 0x0000000783c00000| Untracked 
|  61|0x0000000783d00000, 0x0000000783d00000, 0x0000000783e00000|  0%| F|  |TAMS 0x0000000783d00000, 0x0000000783d00000| Untracked 
|  62|0x0000000783e00000, 0x0000000783e00000, 0x0000000783f00000|  0%| F|  |TAMS 0x0000000783e00000, 0x0000000783e00000| Untracked 
|  63|0x0000000783f00000, 0x0000000783f00000, 0x0000000784000000|  0%| F|  |TAMS 0x0000000783f00000, 0x0000000783f00000| Untracked 
|  64|0x0000000784000000, 0x0000000784000000, 0x0000000784100000|  0%| F|  |TAMS 0x0000000784000000, 0x0000000784000000| Untracked 
|  65|0x0000000784100000, 0x0000000784100000, 0x0000000784200000|  0%| F|  |TAMS 0x0000000784100000, 0x0000000784100000| Untracked 
|  66|0x0000000784200000, 0x0000000784200000, 0x0000000784300000|  0%| F|  |TAMS 0x0000000784200000, 0x0000000784200000| Untracked 
|  67|0x0000000784300000, 0x0000000784300000, 0x0000000784400000|  0%| F|  |TAMS 0x0000000784300000, 0x0000000784300000| Untracked 
|  68|0x0000000784400000, 0x0000000784400000, 0x0000000784500000|  0%| F|  |TAMS 0x0000000784400000, 0x0000000784400000| Untracked 
|  69|0x0000000784500000, 0x0000000784500000, 0x0000000784600000|  0%| F|  |TAMS 0x0000000784500000, 0x0000000784500000| Untracked 
|  70|0x0000000784600000, 0x0000000784600000, 0x0000000784700000|  0%| F|  |TAMS 0x0000000784600000, 0x0000000784600000| Untracked 
|  71|0x0000000784700000, 0x0000000784700000, 0x0000000784800000|  0%| F|  |TAMS 0x0000000784700000, 0x0000000784700000| Untracked 
|  72|0x0000000784800000, 0x0000000784800000, 0x0000000784900000|  0%| F|  |TAMS 0x0000000784800000, 0x0000000784800000| Untracked 
|  73|0x0000000784900000, 0x0000000784900000, 0x0000000784a00000|  0%| F|  |TAMS 0x0000000784900000, 0x0000000784900000| Untracked 
|  74|0x0000000784a00000, 0x0000000784a00000, 0x0000000784b00000|  0%| F|  |TAMS 0x0000000784a00000, 0x0000000784a00000| Untracked 
|  75|0x0000000784b00000, 0x0000000784b00000, 0x0000000784c00000|  0%| F|  |TAMS 0x0000000784b00000, 0x0000000784b00000| Untracked 
|  76|0x0000000784c00000, 0x0000000784c00000, 0x0000000784d00000|  0%| F|  |TAMS 0x0000000784c00000, 0x0000000784c00000| Untracked 
|  77|0x0000000784d00000, 0x0000000784d00000, 0x0000000784e00000|  0%| F|  |TAMS 0x0000000784d00000, 0x0000000784d00000| Untracked 
|  78|0x0000000784e00000, 0x0000000784e00000, 0x0000000784f00000|  0%| F|  |TAMS 0x0000000784e00000, 0x0000000784e00000| Untracked 
|  79|0x0000000784f00000, 0x0000000784f00000, 0x0000000785000000|  0%| F|  |TAMS 0x0000000784f00000, 0x0000000784f00000| Untracked 
|  80|0x0000000785000000, 0x0000000785100000, 0x0000000785100000|100%| S|CS|TAMS 0x0000000785000000, 0x0000000785000000| Complete 
|  81|0x0000000785100000, 0x0000000785200000, 0x0000000785200000|100%| S|CS|TAMS 0x0000000785100000, 0x0000000785100000| Complete 
|  82|0x0000000785200000, 0x0000000785300000, 0x0000000785300000|100%| S|CS|TAMS 0x0000000785200000, 0x0000000785200000| Complete 
|  83|0x0000000785300000, 0x0000000785400000, 0x0000000785400000|100%| S|CS|TAMS 0x0000000785300000, 0x0000000785300000| Complete 
|  84|0x0000000785400000, 0x0000000785500000, 0x0000000785500000|100%| S|CS|TAMS 0x0000000785400000, 0x0000000785400000| Complete 
|  85|0x0000000785500000, 0x0000000785600000, 0x0000000785600000|100%| S|CS|TAMS 0x0000000785500000, 0x0000000785500000| Complete 
|  86|0x0000000785600000, 0x0000000785700000, 0x0000000785700000|100%| S|CS|TAMS 0x0000000785600000, 0x0000000785600000| Complete 
|  87|0x0000000785700000, 0x0000000785700000, 0x0000000785800000|  0%| F|  |TAMS 0x0000000785700000, 0x0000000785700000| Untracked 
|  88|0x0000000785800000, 0x0000000785800000, 0x0000000785900000|  0%| F|  |TAMS 0x0000000785800000, 0x0000000785800000| Untracked 
|  89|0x0000000785900000, 0x0000000785900000, 0x0000000785a00000|  0%| F|  |TAMS 0x0000000785900000, 0x0000000785900000| Untracked 
|  90|0x0000000785a00000, 0x0000000785a00000, 0x0000000785b00000|  0%| F|  |TAMS 0x0000000785a00000, 0x0000000785a00000| Untracked 
|  91|0x0000000785b00000, 0x0000000785b00000, 0x0000000785c00000|  0%| F|  |TAMS 0x0000000785b00000, 0x0000000785b00000| Untracked 
|  92|0x0000000785c00000, 0x0000000785c00000, 0x0000000785d00000|  0%| F|  |TAMS 0x0000000785c00000, 0x0000000785c00000| Untracked 
|  93|0x0000000785d00000, 0x0000000785d00000, 0x0000000785e00000|  0%| F|  |TAMS 0x0000000785d00000, 0x0000000785d00000| Untracked 
|  94|0x0000000785e00000, 0x0000000785e00000, 0x0000000785f00000|  0%| F|  |TAMS 0x0000000785e00000, 0x0000000785e00000| Untracked 
|  95|0x0000000785f00000, 0x0000000785f00000, 0x0000000786000000|  0%| F|  |TAMS 0x0000000785f00000, 0x0000000785f00000| Untracked 
|  96|0x0000000786000000, 0x0000000786000000, 0x0000000786100000|  0%| F|  |TAMS 0x0000000786000000, 0x0000000786000000| Untracked 
|  97|0x0000000786100000, 0x0000000786100000, 0x0000000786200000|  0%| F|  |TAMS 0x0000000786100000, 0x0000000786100000| Untracked 
|  98|0x0000000786200000, 0x0000000786200000, 0x0000000786300000|  0%| F|  |TAMS 0x0000000786200000, 0x0000000786200000| Untracked 
|  99|0x0000000786300000, 0x0000000786300000, 0x0000000786400000|  0%| F|  |TAMS 0x0000000786300000, 0x0000000786300000| Untracked 
| 100|0x0000000786400000, 0x0000000786400000, 0x0000000786500000|  0%| F|  |TAMS 0x0000000786400000, 0x0000000786400000| Untracked 
| 101|0x0000000786500000, 0x0000000786500000, 0x0000000786600000|  0%| F|  |TAMS 0x0000000786500000, 0x0000000786500000| Untracked 
| 102|0x0000000786600000, 0x0000000786600000, 0x0000000786700000|  0%| F|  |TAMS 0x0000000786600000, 0x0000000786600000| Untracked 
| 103|0x0000000786700000, 0x0000000786700000, 0x0000000786800000|  0%| F|  |TAMS 0x0000000786700000, 0x0000000786700000| Untracked 
| 104|0x0000000786800000, 0x0000000786800000, 0x0000000786900000|  0%| F|  |TAMS 0x0000000786800000, 0x0000000786800000| Untracked 
| 105|0x0000000786900000, 0x0000000786900000, 0x0000000786a00000|  0%| F|  |TAMS 0x0000000786900000, 0x0000000786900000| Untracked 
| 106|0x0000000786a00000, 0x0000000786a00000, 0x0000000786b00000|  0%| F|  |TAMS 0x0000000786a00000, 0x0000000786a00000| Untracked 
| 107|0x0000000786b00000, 0x0000000786b00000, 0x0000000786c00000|  0%| F|  |TAMS 0x0000000786b00000, 0x0000000786b00000| Untracked 
| 108|0x0000000786c00000, 0x0000000786c00000, 0x0000000786d00000|  0%| F|  |TAMS 0x0000000786c00000, 0x0000000786c00000| Untracked 
| 109|0x0000000786d00000, 0x0000000786d00000, 0x0000000786e00000|  0%| F|  |TAMS 0x0000000786d00000, 0x0000000786d00000| Untracked 
| 110|0x0000000786e00000, 0x0000000786e00000, 0x0000000786f00000|  0%| F|  |TAMS 0x0000000786e00000, 0x0000000786e00000| Untracked 
| 111|0x0000000786f00000, 0x0000000786f00000, 0x0000000787000000|  0%| F|  |TAMS 0x0000000786f00000, 0x0000000786f00000| Untracked 
| 112|0x0000000787000000, 0x0000000787000000, 0x0000000787100000|  0%| F|  |TAMS 0x0000000787000000, 0x0000000787000000| Untracked 
| 113|0x0000000787100000, 0x0000000787100000, 0x0000000787200000|  0%| F|  |TAMS 0x0000000787100000, 0x0000000787100000| Untracked 
| 114|0x0000000787200000, 0x0000000787200000, 0x0000000787300000|  0%| F|  |TAMS 0x0000000787200000, 0x0000000787200000| Untracked 
| 115|0x0000000787300000, 0x0000000787300000, 0x0000000787400000|  0%| F|  |TAMS 0x0000000787300000, 0x0000000787300000| Untracked 
| 116|0x0000000787400000, 0x0000000787400000, 0x0000000787500000|  0%| F|  |TAMS 0x0000000787400000, 0x0000000787400000| Untracked 
| 117|0x0000000787500000, 0x0000000787500000, 0x0000000787600000|  0%| F|  |TAMS 0x0000000787500000, 0x0000000787500000| Untracked 
| 118|0x0000000787600000, 0x0000000787600000, 0x0000000787700000|  0%| F|  |TAMS 0x0000000787600000, 0x0000000787600000| Untracked 
| 119|0x0000000787700000, 0x0000000787700000, 0x0000000787800000|  0%| F|  |TAMS 0x0000000787700000, 0x0000000787700000| Untracked 
| 120|0x0000000787800000, 0x0000000787900000, 0x0000000787900000|100%| E|  |TAMS 0x0000000787800000, 0x0000000787800000| Complete 
| 121|0x0000000787900000, 0x0000000787a00000, 0x0000000787a00000|100%| E|CS|TAMS 0x0000000787900000, 0x0000000787900000| Complete 
| 122|0x0000000787a00000, 0x0000000787b00000, 0x0000000787b00000|100%| E|CS|TAMS 0x0000000787a00000, 0x0000000787a00000| Complete 
| 123|0x0000000787b00000, 0x0000000787c00000, 0x0000000787c00000|100%| E|CS|TAMS 0x0000000787b00000, 0x0000000787b00000| Complete 
| 124|0x0000000787c00000, 0x0000000787d00000, 0x0000000787d00000|100%| E|CS|TAMS 0x0000000787c00000, 0x0000000787c00000| Complete 
| 125|0x0000000787d00000, 0x0000000787e00000, 0x0000000787e00000|100%| E|CS|TAMS 0x0000000787d00000, 0x0000000787d00000| Complete 
| 126|0x0000000787e00000, 0x0000000787f00000, 0x0000000787f00000|100%| E|CS|TAMS 0x0000000787e00000, 0x0000000787e00000| Complete 
| 127|0x0000000787f00000, 0x0000000788000000, 0x0000000788000000|100%| E|CS|TAMS 0x0000000787f00000, 0x0000000787f00000| Complete 

Card table byte_map: [0x0000000110bbf000,0x0000000110fbf000] _byte_map_base: 0x000000010cfbf000

Marking Bits (Prev, Next): (CMBitMap*) 0x00007faa57027a50, (CMBitMap*) 0x00007faa57027a18
 Prev Bits: [0x000000012b780000, 0x000000012d780000)
 Next Bits: [0x0000000129780000, 0x000000012b780000)

Polling page: 0x0000000110115000

Metaspace:

Usage:
  Non-class:     19.88 MB capacity,    19.49 MB ( 98%) used,   313.27 KB (  2%) free+waste,    88.44 KB ( <1%) overhead. 
      Class:      3.05 MB capacity,     2.72 MB ( 89%) used,   287.10 KB (  9%) free+waste,    46.69 KB (  1%) overhead. 
       Both:     22.93 MB capacity,    22.21 MB ( 97%) used,   600.37 KB (  3%) free+waste,   135.12 KB ( <1%) overhead. 

Virtual space:
  Non-class space:       20.00 MB reserved,      19.92 MB (>99%) committed 
      Class space:        1.00 GB reserved,       3.12 MB ( <1%) committed 
             Both:        1.02 GB reserved,      23.05 MB (  2%) committed 

Chunk freelists:
   Non-Class:  896 bytes
       Class:  0 bytes
        Both:  896 bytes

CodeHeap 'non-profiled nmethods': size=120032Kb used=1139Kb max_used=1139Kb free=118892Kb
 bounds [0x0000000122248000, 0x00000001224b8000, 0x0000000129780000]
CodeHeap 'profiled nmethods': size=120032Kb used=5823Kb max_used=5823Kb free=114208Kb
 bounds [0x000000011ad10000, 0x000000011b2c0000, 0x0000000122248000]
CodeHeap 'non-nmethods': size=5696Kb used=1337Kb max_used=1371Kb free=4358Kb
 bounds [0x000000011a780000, 0x000000011a9f0000, 0x000000011ad10000]
 total_blobs=3866 nmethods=3100 adapters=676
 compilation: enabled
              stopped_count=0, restarted_count=0
 full_count=0

Compilation events (10 events):
Event: 26.776 Thread 0x00007faa5705e800 nmethod 3091 0x0000000122363a90 code [0x0000000122363c20, 0x0000000122363cd0]
Event: 26.776 Thread 0x00007faa5705e800 3094       1       sun.util.locale.BaseLocale::getLanguage (5 bytes)
Event: 26.776 Thread 0x00007faa5705e800 nmethod 3094 0x0000000122363d90 code [0x0000000122363f20, 0x0000000122363fd0]
Event: 26.776 Thread 0x00007faa5585c000 3093       4       com.sun.javafx.css.PseudoClassState::addAll (6 bytes)
Event: 26.777 Thread 0x00007faa5585c000 nmethod 3093 0x0000000122364010 code [0x00000001223641a0, 0x0000000122364228]
Event: 26.781 Thread 0x00007faa5705e800 3101       3       javafx.scene.Scene$ClickCounter::access$7100 (5 bytes)
Event: 26.782 Thread 0x00007faa5705e800 nmethod 3101 0x000000011b2bac10 code [0x000000011b2bada0, 0x000000011b2bae90]
Event: 26.808 Thread 0x00007faa5705e800 3102       3       javafx.scene.control.Control::computeMaxHeight (51 bytes)
Event: 26.808 Thread 0x00007faa5705e800 nmethod 3102 0x000000011b2baf90 code [0x000000011b2bb160, 0x000000011b2bb560]
Event: 26.808 Thread 0x00007faa5705e800 3104       3       javafx.scene.layout.Region::boundedNodeSizeWithBias (285 bytes)

GC Heap History (4 events):
Event: 0.959 GC heap before
{Heap before GC invocations=0 (full 0):
 garbage-first heap   total 131072K, used 14336K [0x0000000780000000, 0x0000000800000000)
  region size 1024K, 14 young (14336K), 0 survivors (0K)
 Metaspace       used 9129K, capacity 9378K, committed 9600K, reserved 1058816K
  class space    used 907K, capacity 1025K, committed 1152K, reserved 1048576K
}
Event: 0.963 GC heap after
{Heap after GC invocations=1 (full 0):
 garbage-first heap   total 131072K, used 2355K [0x0000000780000000, 0x0000000800000000)
  region size 1024K, 2 young (2048K), 2 survivors (2048K)
 Metaspace       used 9129K, capacity 9378K, committed 9600K, reserved 1058816K
  class space    used 907K, capacity 1025K, committed 1152K, reserved 1048576K
}
Event: 3.063 GC heap before
{Heap before GC invocations=1 (full 0):
 garbage-first heap   total 131072K, used 40243K [0x0000000780000000, 0x0000000800000000)
  region size 1024K, 41 young (41984K), 2 survivors (2048K)
 Metaspace       used 20565K, capacity 21183K, committed 21296K, reserved 1067008K
  class space    used 2593K, capacity 2873K, committed 2944K, reserved 1048576K
}
Event: 3.074 GC heap after
{Heap after GC invocations=2 (full 0):
 garbage-first heap   total 131072K, used 7475K [0x0000000780000000, 0x0000000800000000)
  region size 1024K, 7 young (7168K), 7 survivors (7168K)
 Metaspace       used 20565K, capacity 21183K, committed 21296K, reserved 1067008K
  class space    used 2593K, capacity 2873K, committed 2944K, reserved 1048576K
}

Deoptimization events (10 events):
Event: 2.439 Thread 0x00007faa579eb800 Uncommon trap: reason=unstable_if action=reinterpret pc=0x00000001222879c4 method=jdk.internal.org.objectweb.asm.ClassWriter.put(Ljdk/internal/org/objectweb/asm/Item;)V @ 13 c2
Event: 4.296 Thread 0x00007faa579eb800 Uncommon trap: reason=unstable_if action=reinterpret pc=0x00000001222836d8 method=jdk.internal.org.objectweb.asm.Type.getArgumentsAndReturnSizes(Ljava/lang/String;)I @ 47 c2
Event: 4.297 Thread 0x00007faa579eb800 Uncommon trap: reason=unstable_if action=reinterpret pc=0x0000000122298a04 method=jdk.internal.org.objectweb.asm.Frame.push(Ljdk/internal/org/objectweb/asm/ClassWriter;Ljava/lang/String;)V @ 18 c2
Event: 4.370 Thread 0x00007faa57137800 Uncommon trap: reason=unstable_if action=reinterpret pc=0x00000001222d8d70 method=com.sun.marlin.MaskMarlinAlphaConsumer.setAndClearRelativeAlphas([I[IIII)V @ 82 c2
Event: 6.129 Thread 0x00007faa579eb800 Uncommon trap: reason=range_check action=reinterpret pc=0x000000012224c6a4 method=java.lang.StringLatin1.charAt([BI)C @ 1 c2
Event: 8.971 Thread 0x00007faa579eb800 Uncommon trap: reason=unstable_if action=reinterpret pc=0x00000001222b29d8 method=java.util.WeakHashMap.expungeStaleEntries()V @ 9 c2
Event: 25.576 Thread 0x00007faa579eb800 Uncommon trap: reason=array_check action=maybe_recompile pc=0x000000012235b70c method=javafx.css.SimpleSelector.applies(Ljavafx/css/Styleable;[Ljava/util/Set;I)Z @ 37 c2
Event: 25.576 Thread 0x00007faa579eb800 Uncommon trap: reason=array_check action=maybe_recompile pc=0x000000012235b70c method=javafx.css.SimpleSelector.applies(Ljavafx/css/Styleable;[Ljava/util/Set;I)Z @ 37 c2
Event: 25.576 Thread 0x00007faa579eb800 Uncommon trap: reason=array_check action=maybe_recompile pc=0x000000012235b70c method=javafx.css.SimpleSelector.applies(Ljavafx/css/Styleable;[Ljava/util/Set;I)Z @ 37 c2
Event: 25.576 Thread 0x00007faa579eb800 Uncommon trap: reason=array_check action=maybe_recompile pc=0x000000012235b70c method=javafx.css.SimpleSelector.applies(Ljavafx/css/Styleable;[Ljava/util/Set;I)Z @ 37 c2

Classes redefined (0 events):
No events

Internal exceptions (10 events):
Event: 4.297 Thread 0x00007faa579eb800 Exception <a 'java/lang/NoSuchMethodError'{0x0000000787d4ff88}: java.lang.invoke.DirectMethodHandle$Holder.invokeStaticInit(Ljava/lang/Object;Ljava/lang/Object;Ljava/lang/Object;)J> (0x0000000787d4ff88) thrown at [./open/src/hotspot/share/interpreter/link
Event: 4.299 Thread 0x00007faa579eb800 Exception <a 'java/lang/NoSuchMethodError'{0x0000000787d687e0}: java.lang.invoke.DirectMethodHandle$Holder.invokeStatic(Ljava/lang/Object;Ljava/lang/Object;J)Ljava/lang/Object;> (0x0000000787d687e0) thrown at [./open/src/hotspot/share/interpreter/linkReso
Event: 4.300 Thread 0x00007faa579eb800 Exception <a 'java/lang/NoSuchMethodError'{0x0000000787d6e958}: java.lang.invoke.Invokers$Holder.linkToTargetMethod(Ljava/lang/Object;JLjava/lang/Object;)Ljava/lang/Object;> (0x0000000787d6e958) thrown at [./open/src/hotspot/share/interpreter/linkResolver
Event: 6.130 Thread 0x00007faa579eb800 Exception <a 'java/lang/StringIndexOutOfBoundsException'{0x0000000787dbd718}> (0x0000000787dbd718) thrown at [./open/src/hotspot/share/prims/jvm.cpp, line 1309]
Event: 6.576 Thread 0x00007faa579eb800 Exception <a 'java/lang/NoSuchMethodError'{0x0000000787df63f8}: java.lang.invoke.DirectMethodHandle$Holder.invokeStatic(Ljava/lang/Object;Ljava/lang/Object;JIII)Ljava/lang/Object;> (0x0000000787df63f8) thrown at [./open/src/hotspot/share/interpreter/linkR
Event: 6.577 Thread 0x00007faa579eb800 Exception <a 'java/lang/NoSuchMethodError'{0x0000000787c7fb08}: java.lang.invoke.DirectMethodHandle$Holder.invokeStatic(Ljava/lang/Object;Ljava/lang/Object;ILjava/lang/Object;JIIII)Ljava/lang/Object;> (0x0000000787c7fb08) thrown at [./open/src/hotspot/sha
Event: 9.583 Thread 0x00007faa579eb800 Exception <a 'java/lang/NoSuchMethodError'{0x0000000787bc7990}: java.lang.invoke.DirectMethodHandle$Holder.invokeStatic(Ljava/lang/Object;Ljava/lang/Object;)J> (0x0000000787bc7990) thrown at [./open/src/hotspot/share/interpreter/linkResolver.cpp, line 772
Event: 9.594 Thread 0x00007faa579eb800 Exception <a 'java/lang/NoSuchMethodError'{0x0000000787a1a050}: java.lang.invoke.DirectMethodHandle$Holder.invokeStatic(Ljava/lang/Object;Ljava/lang/Object;IIIIILjava/lang/Object;)Ljava/lang/Object;> (0x0000000787a1a050) thrown at [./open/src/hotspot/shar
Event: 9.595 Thread 0x00007faa579eb800 Exception <a 'java/lang/NoSuchMethodError'{0x0000000787a2aa00}: java.lang.invoke.DirectMethodHandle$Holder.invokeStatic(Ljava/lang/Object;Ljava/lang/Object;Ljava/lang/Object;IIIII)Ljava/lang/Object;> (0x0000000787a2aa00) thrown at [./open/src/hotspot/shar
Event: 9.596 Thread 0x00007faa579eb800 Exception <a 'java/lang/NoSuchMethodError'{0x0000000787a31260}: java.lang.invoke.Invokers$Holder.linkToTargetMethod(Ljava/lang/Object;Ljava/lang/Object;IIIIILjava/lang/Object;)Ljava/lang/Object;> (0x0000000787a31260) thrown at [./open/src/hotspot/share/in

Events (10 events):
Event: 25.576 Thread 0x00007faa579eb800 DEOPT PACKING pc=0x000000012235b70c sp=0x00007ff7aff224d0
Event: 25.576 Thread 0x00007faa579eb800 DEOPT UNPACKING pc=0x000000011a7a5925 sp=0x00007ff7aff22478 mode 2
Event: 25.576 Thread 0x00007faa579eb800 Uncommon trap: trap_request=0xffffffd6 fr.pc=0x000000012235b70c relative=0x00000000000002ac
Event: 25.576 Thread 0x00007faa579eb800 DEOPT PACKING pc=0x000000012235b70c sp=0x00007ff7aff22450
Event: 25.576 Thread 0x00007faa579eb800 DEOPT UNPACKING pc=0x000000011a7a5925 sp=0x00007ff7aff223f8 mode 2
Event: 25.604 Executing VM operation: RevokeBias
Event: 25.604 Executing VM operation: RevokeBias done
Event: 26.223 Executing VM operation: RevokeBias
Event: 26.223 Executing VM operation: RevokeBias done
Event: 26.809 Executing VM operation: RevokeBias


Dynamic libraries:
0x00000001100f6000 	/Library/Java/JavaVirtualMachines/jdk-11.0.12.jdk/Contents/Home/lib/jli/libjli.dylib
0x00007ff826473000 	/System/Library/Frameworks/Cocoa.framework/Versions/A/Cocoa
0x00007ff8120f0000 	/System/Library/Frameworks/AppKit.framework/Versions/C/AppKit
0x00007ff8155fb000 	/System/Library/Frameworks/CoreData.framework/Versions/A/CoreData
0x00007ff8104fc000 	/System/Library/Frameworks/Foundation.framework/Versions/C/Foundation
0x00007ff81a41c000 	/usr/lib/libSystem.B.dylib
0x00007ff812f7e000 	/System/Library/PrivateFrameworks/UIFoundation.framework/Versions/A/UIFoundation
0x00007ff82037d000 	/System/Library/PrivateFrameworks/RemoteViewServices.framework/Versions/A/RemoteViewServices
0x00007ff818667000 	/System/Library/PrivateFrameworks/XCTTargetBootstrap.framework/Versions/A/XCTTargetBootstrap
0x00007ff81c223000 	/System/Library/PrivateFrameworks/InternationalSupport.framework/Versions/A/InternationalSupport
0x00007ff81c2ad000 	/System/Library/PrivateFrameworks/UserActivity.framework/Versions/A/UserActivity
0x00007ff81b603000 	/usr/lib/libspindump.dylib
0x00007ff81320c000 	/System/Library/Frameworks/UniformTypeIdentifiers.framework/Versions/A/UniformTypeIdentifiers
0x00007ff816d90000 	/usr/lib/libapp_launch_measurement.dylib
0x00007ff815fcb000 	/System/Library/PrivateFrameworks/CoreAnalytics.framework/Versions/A/CoreAnalytics
0x00007ff816d93000 	/System/Library/PrivateFrameworks/CoreAutoLayout.framework/Versions/A/CoreAutoLayout
0x00007ff817fc1000 	/System/Library/Frameworks/Metal.framework/Versions/A/Metal
0x00007ff818ced000 	/usr/lib/liblangid.dylib
0x00007ff81866c000 	/System/Library/PrivateFrameworks/CoreSVG.framework/Versions/A/CoreSVG
0x00007ff8145f3000 	/System/Library/PrivateFrameworks/SkyLight.framework/Versions/A/SkyLight
0x00007ff814991000 	/System/Library/Frameworks/CoreGraphics.framework/Versions/A/CoreGraphics
0x00007ff820a3d000 	/System/Library/Frameworks/Accelerate.framework/Versions/A/Accelerate
0x00007ff81b082000 	/System/Library/PrivateFrameworks/IconServices.framework/Versions/A/IconServices
0x00007ff817fa6000 	/System/Library/Frameworks/IOSurface.framework/Versions/A/IOSurface
0x00007ff815ff9000 	/usr/lib/libDiagnosticMessagesClient.dylib
0x00007ff81a33c000 	/usr/lib/libz.1.dylib
0x00007ff824120000 	/System/Library/Frameworks/ApplicationServices.framework/Versions/A/ApplicationServices
0x00007ff818653000 	/System/Library/PrivateFrameworks/DFRFoundation.framework/Versions/A/DFRFoundation
0x00007ff8119d8000 	/usr/lib/libicucore.A.dylib
0x00007ff81d018000 	/System/Library/Frameworks/AudioToolbox.framework/Versions/A/AudioToolbox
0x00007ff81c22f000 	/System/Library/PrivateFrameworks/DataDetectorsCore.framework/Versions/A/DataDetectorsCore
0x00007ff9181bc000 	/System/Library/PrivateFrameworks/TextInput.framework/Versions/A/TextInput
0x00007ff814576000 	/usr/lib/libMobileGestalt.dylib
0x00007ff81835f000 	/System/Library/Frameworks/Carbon.framework/Versions/A/Frameworks/HIToolbox.framework/Versions/A/HIToolbox
0x00007ff816796000 	/System/Library/Frameworks/QuartzCore.framework/Versions/A/QuartzCore
0x00007ff81167f000 	/System/Library/Frameworks/Security.framework/Versions/A/Security
0x00007ff8203b5000 	/System/Library/Frameworks/Carbon.framework/Versions/A/Frameworks/SpeechRecognition.framework/Versions/A/SpeechRecognition
0x00007ff816af0000 	/System/Library/PrivateFrameworks/CoreUI.framework/Versions/A/CoreUI
0x00007ff810f4b000 	/System/Library/Frameworks/CoreAudio.framework/Versions/A/CoreAudio
0x00007ff8160e8000 	/System/Library/Frameworks/DiskArbitration.framework/Versions/A/DiskArbitration
0x00007ff81b9f1000 	/System/Library/PrivateFrameworks/MultitouchSupport.framework/Versions/A/MultitouchSupport
0x00007ff814575000 	/usr/lib/libenergytrace.dylib
0x00007ff811fdc000 	/System/Library/Frameworks/IOKit.framework/Versions/A/IOKit
0x00007ff8207a5000 	/System/Library/Frameworks/CoreServices.framework/Versions/A/CoreServices
0x00007ff816d2a000 	/System/Library/PrivateFrameworks/PerformanceAnalysis.framework/Versions/A/PerformanceAnalysis
0x00007ffa276e0000 	/System/Library/Frameworks/OpenGL.framework/Versions/A/OpenGL
0x00007ff819956000 	/System/Library/PrivateFrameworks/MobileKeyBag.framework/Versions/A/MobileKeyBag
0x00007ff80f4cc000 	/usr/lib/libobjc.A.dylib
0x00007ff81505c000 	/System/Library/Frameworks/ColorSync.framework/Versions/A/ColorSync
0x00007ff80f68a000 	/System/Library/Frameworks/CoreFoundation.framework/Versions/A/CoreFoundation
0x00007ff8188e3000 	/System/Library/Frameworks/CoreImage.framework/Versions/A/CoreImage
0x00007ff810d63000 	/System/Library/Frameworks/CoreText.framework/Versions/A/CoreText
0x00007ff81869c000 	/System/Library/Frameworks/ImageIO.framework/Versions/A/ImageIO
0x00007ff81a422000 	/System/Library/PrivateFrameworks/SoftLinking.framework/Versions/A/SoftLinking
0x00007ff816ddb000 	/usr/lib/libxml2.2.dylib
0x00007ff80f596000 	/usr/lib/libc++.1.dylib
0x00007ff81a6a6000 	/usr/lib/libcompression.dylib
0x00007ff81c156000 	/System/Library/PrivateFrameworks/TextureIO.framework/Versions/A/TextureIO
0x00007ff81ad94000 	/usr/lib/libate.dylib
0x00007ff81a417000 	/usr/lib/system/libcache.dylib
0x00007ff81a3d3000 	/usr/lib/system/libcommonCrypto.dylib
0x00007ff81a3fc000 	/usr/lib/system/libcompiler_rt.dylib
0x00007ff81a3f2000 	/usr/lib/system/libcopyfile.dylib
0x00007ff80f3c7000 	/usr/lib/system/libcorecrypto.dylib
0x00007ff80f485000 	/usr/lib/system/libdispatch.dylib
0x00007ff80f649000 	/usr/lib/system/libdyld.dylib
0x00007ff81a40e000 	/usr/lib/system/libkeymgr.dylib
0x00007ff81a3b1000 	/usr/lib/system/libmacho.dylib
0x00007ff819a30000 	/usr/lib/system/libquarantine.dylib
0x00007ff81a40c000 	/usr/lib/system/libremovefile.dylib
0x00007ff8145c3000 	/usr/lib/system/libsystem_asl.dylib
0x00007ff80f370000 	/usr/lib/system/libsystem_blocks.dylib
0x00007ff80f50d000 	/usr/lib/system/libsystem_c.dylib
0x00007ff81a404000 	/usr/lib/system/libsystem_collections.dylib
0x00007ff818cdd000 	/usr/lib/system/libsystem_configuration.dylib
0x00007ff817f89000 	/usr/lib/system/libsystem_containermanager.dylib
0x00007ff81a0ea000 	/usr/lib/system/libsystem_coreservices.dylib
0x00007ff811c6c000 	/usr/lib/system/libsystem_darwin.dylib
0x00007ff81a40f000 	/usr/lib/system/libsystem_dnssd.dylib
0x00007ff80f50a000 	/usr/lib/system/libsystem_featureflags.dylib
0x00007ff80f65f000 	/usr/lib/system/libsystem_info.dylib
0x00007ff81a34f000 	/usr/lib/system/libsystem_m.dylib
0x00007ff80f459000 	/usr/lib/system/libsystem_malloc.dylib
0x00007ff81455e000 	/usr/lib/system/libsystem_networkextension.dylib
0x00007ff812092000 	/usr/lib/system/libsystem_notify.dylib
0x00007ff82067a000 	/usr/lib/system/libsystem_product_info_filter.dylib
0x00007ff818ce1000 	/usr/lib/system/libsystem_sandbox.dylib
0x00007ff81a409000 	/usr/lib/system/libsystem_secinit.dylib
0x00007ff80f605000 	/usr/lib/system/libsystem_kernel.dylib
0x00007ff80f655000 	/usr/lib/system/libsystem_platform.dylib
0x00007ff80f63d000 	/usr/lib/system/libsystem_pthread.dylib
0x00007ff815e0b000 	/usr/lib/system/libsystem_symptoms.dylib
0x00007ff80f3ae000 	/usr/lib/system/libsystem_trace.dylib
0x00007ff81a3df000 	/usr/lib/system/libunwind.dylib
0x00007ff80f372000 	/usr/lib/system/libxpc.dylib
0x00007ff80f5ef000 	/usr/lib/libc++abi.dylib
0x00007ff81a3ea000 	/usr/lib/liboah.dylib
0x00007ff81ab70000 	/usr/lib/liblzma.5.dylib
0x00007ff81020f000 	/System/Library/Frameworks/SystemConfiguration.framework/Versions/A/SystemConfiguration
0x00007ff81a41e000 	/usr/lib/libfakelink.dylib
0x00007ff8140cf000 	/System/Library/Frameworks/CFNetwork.framework/Versions/A/CFNetwork
0x00007ff81a55f000 	/usr/lib/libarchive.2.dylib
0x00007ff818ce9000 	/System/Library/PrivateFrameworks/AppleSystemInfo.framework/Versions/A/AppleSystemInfo
0x00007ff819a57000 	/usr/lib/libbsm.0.dylib
0x00007ff8136e2000 	/usr/lib/libnetwork.dylib
0x00007ff81a3b7000 	/usr/lib/system/libkxld.dylib
0x00007ff819683000 	/System/Library/PrivateFrameworks/IOMobileFramebuffer.framework/Versions/A/IOMobileFramebuffer
0x00007ffb26be7000 	/usr/lib/libCoreEntitlements.dylib
0x00007ff81a0cc000 	/System/Library/PrivateFrameworks/AppleFSCompression.framework/Versions/A/AppleFSCompression
0x00007ff819a3f000 	/usr/lib/libcoretls.dylib
0x00007ff81ab8a000 	/usr/lib/libcoretls_cfhelpers.dylib
0x00007ff81a6a1000 	/usr/lib/libpam.2.dylib
0x00007ff815a2b000 	/usr/lib/libsqlite3.dylib
0x00007ff81abf9000 	/usr/lib/libxar.1.dylib
0x00007ff81a0dc000 	/usr/lib/libbz2.1.0.dylib
0x00007ff81a423000 	/usr/lib/libpcap.A.dylib
0x00007ff815e03000 	/usr/lib/libdns_services.dylib
0x00007ff81a671000 	/usr/lib/libapple_nghttp2.dylib
0x00007ff81a45d000 	/usr/lib/libiconv.2.dylib
0x00007ff81a3b0000 	/usr/lib/libcharset.1.dylib
0x00007ff816d5e000 	/System/Library/Frameworks/CoreServices.framework/Versions/A/Frameworks/FSEvents.framework/Versions/A/FSEvents
0x00007ff811c76000 	/System/Library/Frameworks/CoreServices.framework/Versions/A/Frameworks/CarbonCore.framework/Versions/A/CarbonCore
0x00007ff81604c000 	/System/Library/Frameworks/CoreServices.framework/Versions/A/Frameworks/Metadata.framework/Versions/A/Metadata
0x00007ff81a0ef000 	/System/Library/Frameworks/CoreServices.framework/Versions/A/Frameworks/OSServices.framework/Versions/A/OSServices
0x00007ff81a5e6000 	/System/Library/Frameworks/CoreServices.framework/Versions/A/Frameworks/SearchKit.framework/Versions/A/SearchKit
0x00007ff815d96000 	/System/Library/Frameworks/CoreServices.framework/Versions/A/Frameworks/AE.framework/Versions/A/AE
0x00007ff80fb8c000 	/System/Library/Frameworks/CoreServices.framework/Versions/A/Frameworks/LaunchServices.framework/Versions/A/LaunchServices
0x00007ff81ab21000 	/System/Library/Frameworks/CoreServices.framework/Versions/A/Frameworks/DictionaryServices.framework/Versions/A/DictionaryServices
0x00007ff816d6b000 	/System/Library/Frameworks/CoreServices.framework/Versions/A/Frameworks/SharedFileList.framework/Versions/A/SharedFileList
0x00007ff819a33000 	/usr/lib/libCheckFix.dylib
0x00007ff8145da000 	/System/Library/PrivateFrameworks/TCC.framework/Versions/A/TCC
0x00007ff818cef000 	/System/Library/PrivateFrameworks/CoreNLP.framework/Versions/A/CoreNLP
0x00007ff815ffc000 	/System/Library/PrivateFrameworks/MetadataUtilities.framework/Versions/A/MetadataUtilities
0x00007ff8102bf000 	/usr/lib/libmecabra.dylib
0x00007ff819a67000 	/usr/lib/libmecab.dylib
0x00007ff81028a000 	/usr/lib/libCRFSuite.dylib
0x00007ff819ac1000 	/usr/lib/libgermantok.dylib
0x00007ff81a64c000 	/usr/lib/libThaiTokenizer.dylib
0x00007ff8160ef000 	/System/Library/Frameworks/Accelerate.framework/Versions/A/Frameworks/vImage.framework/Versions/A/vImage
0x00007ff82077c000 	/System/Library/Frameworks/Accelerate.framework/Versions/A/Frameworks/vecLib.framework/Versions/A/vecLib
0x00007ff81ac3a000 	/System/Library/Frameworks/Accelerate.framework/Versions/A/Frameworks/vecLib.framework/Versions/A/libvMisc.dylib
0x00007ff8194ae000 	/System/Library/Frameworks/Accelerate.framework/Versions/A/Frameworks/vecLib.framework/Versions/A/libvDSP.dylib
0x00007ff80ff06000 	/System/Library/Frameworks/Accelerate.framework/Versions/A/Frameworks/vecLib.framework/Versions/A/libBLAS.dylib
0x00007ff81a783000 	/System/Library/Frameworks/Accelerate.framework/Versions/A/Frameworks/vecLib.framework/Versions/A/libLAPACK.dylib
0x00007ff819ac4000 	/System/Library/Frameworks/Accelerate.framework/Versions/A/Frameworks/vecLib.framework/Versions/A/libLinearAlgebra.dylib
0x00007ff81a689000 	/System/Library/Frameworks/Accelerate.framework/Versions/A/Frameworks/vecLib.framework/Versions/A/libSparseBLAS.dylib
0x00007ff81a77d000 	/System/Library/Frameworks/Accelerate.framework/Versions/A/Frameworks/vecLib.framework/Versions/A/libQuadrature.dylib
0x00007ff818dda000 	/System/Library/Frameworks/Accelerate.framework/Versions/A/Frameworks/vecLib.framework/Versions/A/libBNNS.dylib
0x00007ff8101a0000 	/System/Library/Frameworks/Accelerate.framework/Versions/A/Frameworks/vecLib.framework/Versions/A/libSparse.dylib
0x00007ff818dd3000 	/System/Library/PrivateFrameworks/LinguisticData.framework/Versions/A/LinguisticData
0x00007ff810156000 	/System/Library/PrivateFrameworks/Lexicon.framework/Versions/A/Lexicon
0x00007ff81ac33000 	/usr/lib/libChineseTokenizer.dylib
0x00007ff8108b8000 	/System/Library/PrivateFrameworks/LanguageModeling.framework/Versions/A/LanguageModeling
0x00007ff81a64e000 	/System/Library/PrivateFrameworks/AppleSauce.framework/Versions/A/AppleSauce
0x00007ff819671000 	/System/Library/PrivateFrameworks/CoreEmoji.framework/Versions/A/CoreEmoji
0x00007ff81a54e000 	/usr/lib/libcmph.dylib
0x00007ff816d42000 	/System/Library/Frameworks/OpenDirectory.framework/Versions/A/Frameworks/CFOpenDirectory.framework/Versions/A/CFOpenDirectory
0x00007ff816d36000 	/System/Library/Frameworks/OpenDirectory.framework/Versions/A/OpenDirectory
0x00007ff81ab8c000 	/System/Library/PrivateFrameworks/APFS.framework/Versions/A/APFS
0x00007ff81998e000 	/System/Library/Frameworks/SecurityFoundation.framework/Versions/A/SecurityFoundation
0x00007ff81ac07000 	/usr/lib/libutil.dylib
0x00007ff811fa0000 	/System/Library/PrivateFrameworks/CoreServicesStore.framework/Versions/A/CoreServicesStore
0x00007ff81ac0b000 	/usr/lib/libxslt.1.dylib
0x00007ff819a1b000 	/System/Library/PrivateFrameworks/BackgroundTaskManagement.framework/Versions/A/BackgroundTaskManagement
0x00007ff81c076000 	/System/Library/Frameworks/ImageIO.framework/Versions/A/Resources/libRadiance.dylib
0x00007ff81c07f000 	/System/Library/Frameworks/ImageIO.framework/Versions/A/Resources/libJPEG.dylib
0x00007ff81bfd0000 	/System/Library/Frameworks/ImageIO.framework/Versions/A/Resources/libPng.dylib
0x00007ff81bff1000 	/System/Library/Frameworks/ImageIO.framework/Versions/A/Resources/libTIFF.dylib
0x00007ff81c0df000 	/System/Library/Frameworks/ImageIO.framework/Versions/A/Resources/libGIF.dylib
0x00007ff81b90b000 	/System/Library/Frameworks/ImageIO.framework/Versions/A/Resources/libJP2.dylib
0x00007ff81b049000 	/usr/lib/libexpat.1.dylib
0x00007ff81b8c0000 	/System/Library/PrivateFrameworks/AppleJPEG.framework/Versions/A/AppleJPEG
0x00007ff818223000 	/System/Library/PrivateFrameworks/FontServices.framework/libFontParser.dylib
0x00007ff815d40000 	/System/Library/PrivateFrameworks/RunningBoardServices.framework/Versions/A/RunningBoardServices
0x00007ff826a2b000 	/System/Library/PrivateFrameworks/IOSurfaceAccelerator.framework/Versions/A/IOSurfaceAccelerator
0x00007ff81b9ed000 	/System/Library/PrivateFrameworks/WatchdogClient.framework/Versions/A/WatchdogClient
0x00007ff8109a6000 	/System/Library/Frameworks/CoreDisplay.framework/Versions/A/CoreDisplay
0x00007ff818121000 	/System/Library/Frameworks/CoreMedia.framework/Versions/A/CoreMedia
0x00007ff817fb8000 	/System/Library/PrivateFrameworks/IOAccelerator.framework/Versions/A/IOAccelerator
0x00007ff816ebf000 	/System/Library/Frameworks/CoreVideo.framework/Versions/A/CoreVideo
0x00007ff81a69f000 	/System/Library/Frameworks/MetalPerformanceShaders.framework/Versions/A/MetalPerformanceShaders
0x00007ff81ba2a000 	/System/Library/Frameworks/VideoToolbox.framework/Versions/A/VideoToolbox
0x00007ff815c8a000 	/System/Library/PrivateFrameworks/BaseBoard.framework/Versions/A/BaseBoard
0x00007ff815a11000 	/System/Library/PrivateFrameworks/ProtocolBuffer.framework/Versions/A/ProtocolBuffer
0x00007ff81c06f000 	/System/Library/PrivateFrameworks/GPUWrangler.framework/Versions/A/GPUWrangler
0x00007ff81c053000 	/System/Library/PrivateFrameworks/IOPresentment.framework/Versions/A/IOPresentment
0x00007ff81c079000 	/System/Library/PrivateFrameworks/DSExternalDisplay.framework/Versions/A/DSExternalDisplay
0x00007ffa276d4000 	/System/Library/Frameworks/OpenGL.framework/Versions/A/Libraries/libCoreFSCache.dylib
0x00007ffb14390000 	/System/Library/PrivateFrameworks/GPUCompiler.framework/Versions/31001/Libraries/libGPUCompilerUtils.dylib
0x00007ff81c0e4000 	/System/Library/PrivateFrameworks/CMCaptureCore.framework/Versions/A/CMCaptureCore
0x00007ff81b5f1000 	/System/Library/PrivateFrameworks/AppServerSupport.framework/Versions/A/AppServerSupport
0x00007ff81d8b0000 	/System/Library/PrivateFrameworks/perfdata.framework/Versions/A/perfdata
0x00007ff810ad2000 	/System/Library/PrivateFrameworks/AudioToolboxCore.framework/Versions/A/AudioToolboxCore
0x00007ff8180ff000 	/System/Library/PrivateFrameworks/caulk.framework/Versions/A/caulk
0x00007ff81d1c2000 	/usr/lib/libAudioStatistics.dylib
0x00007ff91496a000 	/System/Library/PrivateFrameworks/SystemPolicy.framework/Versions/A/SystemPolicy
0x00007ff81d41d000 	/usr/lib/libSMC.dylib
0x00007ff826326000 	/System/Library/Frameworks/CoreMIDI.framework/Versions/A/CoreMIDI
0x00007ff81bf9f000 	/usr/lib/libAudioToolboxUtility.dylib
0x00007ff910c0d000 	/System/Library/PrivateFrameworks/OSAServicesClient.framework/Versions/A/OSAServicesClient
0x00007ff81d8bd000 	/usr/lib/libperfcheck.dylib
0x00007ff915414000 	/usr/lib/libmis.dylib
0x00007ffa2772f000 	/System/Library/Frameworks/OpenGL.framework/Versions/A/Libraries/libGLU.dylib
0x00007ffa276f3000 	/System/Library/Frameworks/OpenGL.framework/Versions/A/Libraries/libGFXShared.dylib
0x00007ffa278fc000 	/System/Library/Frameworks/OpenGL.framework/Versions/A/Libraries/libGL.dylib
0x00007ffa276fc000 	/System/Library/Frameworks/OpenGL.framework/Versions/A/Libraries/libGLImage.dylib
0x00007ffa276f0000 	/System/Library/Frameworks/OpenGL.framework/Versions/A/Libraries/libCVMSPluginSupport.dylib
0x00007ffa276db000 	/System/Library/Frameworks/OpenGL.framework/Versions/A/Libraries/libCoreVMClient.dylib
0x00007ff818c6b000 	/System/Library/Frameworks/MetalPerformanceShaders.framework/Versions/A/Frameworks/MPSCore.framework/Versions/A/MPSCore
0x00007ff81a037000 	/System/Library/Frameworks/MetalPerformanceShaders.framework/Versions/A/Frameworks/MPSImage.framework/Versions/A/MPSImage
0x00007ff819ada000 	/System/Library/Frameworks/MetalPerformanceShaders.framework/Versions/A/Frameworks/MPSNeuralNetwork.framework/Versions/A/MPSNeuralNetwork
0x00007ff819f4e000 	/System/Library/Frameworks/MetalPerformanceShaders.framework/Versions/A/Frameworks/MPSMatrix.framework/Versions/A/MPSMatrix
0x00007ff819d09000 	/System/Library/Frameworks/MetalPerformanceShaders.framework/Versions/A/Frameworks/MPSRayIntersector.framework/Versions/A/MPSRayIntersector
0x00007ff819f86000 	/System/Library/Frameworks/MetalPerformanceShaders.framework/Versions/A/Frameworks/MPSNDArray.framework/Versions/A/MPSNDArray
0x00007ffa2c65c000 	/System/Library/Frameworks/MetalPerformanceShaders.framework/Versions/A/Frameworks/MPSFunctions.framework/Versions/A/MPSFunctions
0x00007ff80fde3000 	/System/Library/PrivateFrameworks/MetalTools.framework/Versions/A/MetalTools
0x00007ff818ce7000 	/System/Library/PrivateFrameworks/AggregateDictionary.framework/Versions/A/AggregateDictionary
0x00007ff81ae2b000 	/usr/lib/libIOReport.dylib
0x00007ffa28d0b000 	/System/Library/Frameworks/OpenCL.framework/Versions/A/OpenCL
0x00007ff81b18f000 	/System/Library/PrivateFrameworks/FaceCore.framework/Versions/A/FaceCore
0x00007ff81b180000 	/System/Library/PrivateFrameworks/GraphVisualizer.framework/Versions/A/GraphVisualizer
0x00007ffb1429b000 	/System/Library/PrivateFrameworks/FontServices.framework/Versions/A/FontServices
0x00007ff81b5a9000 	/System/Library/PrivateFrameworks/OTSVG.framework/Versions/A/OTSVG
0x00007ff816aa6000 	/System/Library/Frameworks/ApplicationServices.framework/Versions/A/Frameworks/ATS.framework/Versions/A/Resources/libFontRegistry.dylib
0x00007ff81b5f9000 	/System/Library/PrivateFrameworks/FontServices.framework/libhvf.dylib
0x00007ffb1429c000 	/System/Library/PrivateFrameworks/FontServices.framework/libXTFontStaticRegistryData.dylib
0x00007ff81aff9000 	/System/Library/PrivateFrameworks/AppleVA.framework/Versions/A/AppleVA
0x00007ff81d1e2000 	/System/Library/Frameworks/ApplicationServices.framework/Versions/A/Frameworks/ATS.framework/Versions/A/ATS
0x00007ff815158000 	/System/Library/Frameworks/ApplicationServices.framework/Versions/A/Frameworks/HIServices.framework/Versions/A/HIServices
0x00007ff81c0ee000 	/System/Library/Frameworks/ApplicationServices.framework/Versions/A/Frameworks/PrintCore.framework/Versions/A/PrintCore
0x00007ff81d570000 	/System/Library/Frameworks/ApplicationServices.framework/Versions/A/Frameworks/QD.framework/Versions/A/QD
0x00007ff81d568000 	/System/Library/Frameworks/ApplicationServices.framework/Versions/A/Frameworks/ColorSyncLegacy.framework/Versions/A/ColorSyncLegacy
0x00007ff81d1d2000 	/System/Library/Frameworks/ApplicationServices.framework/Versions/A/Frameworks/SpeechSynthesis.framework/Versions/A/SpeechSynthesis
0x00007ff81c0af000 	/System/Library/Frameworks/ApplicationServices.framework/Versions/A/Frameworks/ATSUI.framework/Versions/A/ATSUI
0x00007ff81d4fd000 	/usr/lib/libcups.2.dylib
0x00007ff81d8cc000 	/System/Library/Frameworks/Kerberos.framework/Versions/A/Kerberos
0x00007ff81d8db000 	/System/Library/Frameworks/GSS.framework/Versions/A/GSS
0x00007ff81d24e000 	/usr/lib/libresolv.9.dylib
0x00007ff81b608000 	/System/Library/PrivateFrameworks/Heimdal.framework/Versions/A/Heimdal
0x00007ff8244a8000 	/System/Library/Frameworks/Kerberos.framework/Versions/A/Libraries/libHeimdalProxy.dylib
0x00007ff815e13000 	/System/Library/Frameworks/Network.framework/Versions/A/Network
0x00007ff81b063000 	/usr/lib/libheimdal-asn1.dylib
0x00007ff81d926000 	/System/Library/PrivateFrameworks/CommonAuth.framework/Versions/A/CommonAuth
0x00007ff81d154000 	/System/Library/PrivateFrameworks/AudioSession.framework/Versions/A/AudioSession
0x00007ff81b0f3000 	/System/Library/PrivateFrameworks/MediaExperience.framework/Versions/A/MediaExperience
0x00007ff81cfe7000 	/System/Library/PrivateFrameworks/AudioSession.framework/libSessionUtility.dylib
0x00007ff81d57c000 	/System/Library/PrivateFrameworks/AudioResourceArbitration.framework/Versions/A/AudioResourceArbitration
0x00007ff8215ef000 	/System/Library/PrivateFrameworks/PowerLog.framework/Versions/A/PowerLog
0x00007ff81b06c000 	/System/Library/PrivateFrameworks/IconFoundation.framework/Versions/A/IconFoundation
0x00007ff8203a5000 	/System/Library/PrivateFrameworks/SpeechRecognitionCore.framework/Versions/A/SpeechRecognitionCore
0x0000000111530000 	/Library/Java/JavaVirtualMachines/jdk-11.0.12.jdk/Contents/Home/lib/server/libjvm.dylib
0x0000000110124000 	/Library/Java/JavaVirtualMachines/jdk-11.0.12.jdk/Contents/Home/lib/libverify.dylib
0x0000000110160000 	/Library/Java/JavaVirtualMachines/jdk-11.0.12.jdk/Contents/Home/lib/libjava.dylib
0x0000000110134000 	/Library/Java/JavaVirtualMachines/jdk-11.0.12.jdk/Contents/Home/lib/libjimage.dylib
0x000000011014f000 	/Library/Java/JavaVirtualMachines/jdk-11.0.12.jdk/Contents/Home/lib/libinstrument.dylib
0x00000001101cc000 	/Library/Java/JavaVirtualMachines/jdk-11.0.12.jdk/Contents/Home/lib/libzip.dylib
0x0000000110416000 	/Library/Java/JavaVirtualMachines/jdk-11.0.12.jdk/Contents/Home/lib/libnio.dylib
0x0000000110442000 	/Library/Java/JavaVirtualMachines/jdk-11.0.12.jdk/Contents/Home/lib/libnet.dylib
0x000000011040b000 	/Library/Java/JavaVirtualMachines/jdk-11.0.12.jdk/Contents/Home/lib/libextnet.dylib
0x0000000110434000 	/Users/harrisonkennethmccauley/Downloads/javafx-sdk-11.0.2/lib/libprism_es2.dylib
0x00007ff811f62000 	/System/Library/PrivateFrameworks/CoreServicesInternal.framework/Versions/A/CoreServicesInternal
0x00007ffa27907000 	/System/Library/Frameworks/OpenGL.framework/Versions/A/Resources/GLEngine.bundle/GLEngine
0x00007ffa2776d000 	/System/Library/Frameworks/OpenGL.framework/Versions/A/Libraries/libGLProgrammability.dylib
0x00007ffa1c788000 	/System/Library/Extensions/AppleIntelKBLGraphicsGLDriver.bundle/Contents/MacOS/AppleIntelKBLGraphicsGLDriver
0x00007ff91f54e000 	/System/Library/PrivateFrameworks/GPUSupport.framework/Versions/A/Libraries/libGPUSupportMercury.dylib
0x00007ffa27a91000 	/System/Library/Frameworks/OpenGL.framework/Versions/A/Resources/GLRendererFloat.bundle/GLRendererFloat
0x00000001326cf000 	/Users/harrisonkennethmccauley/Downloads/javafx-sdk-11.0.2/lib/libglass.dylib
0x00007ff821be0000 	/System/Library/Frameworks/FileProvider.framework/Versions/A/FileProvider
0x00007ff815bf7000 	/System/Library/Frameworks/Accounts.framework/Versions/A/Accounts
0x00007ff821d59000 	/System/Library/PrivateFrameworks/GenerationalStorage.framework/Versions/A/GenerationalStorage
0x00007ff82286c000 	/System/Library/PrivateFrameworks/CoreSymbolication.framework/Versions/A/CoreSymbolication
0x00007ff8215e4000 	/System/Library/PrivateFrameworks/SymptomDiagnosticReporter.framework/Versions/A/SymptomDiagnosticReporter
0x00007ff813220000 	/System/Library/PrivateFrameworks/DesktopServicesPriv.framework/Versions/A/DesktopServicesPriv
0x00007ff8120a1000 	/usr/lib/libsandbox.1.dylib
0x00007ff816f3e000 	/System/Library/PrivateFrameworks/UserManagement.framework/Versions/A/UserManagement
0x00007ff822831000 	/System/Library/PrivateFrameworks/DebugSymbols.framework/Versions/A/DebugSymbols
0x00007ff81d55d000 	/System/Library/PrivateFrameworks/NetAuth.framework/Versions/A/NetAuth
0x00007ff81e46a000 	/System/Library/PrivateFrameworks/Sharing.framework/Versions/A/Sharing
0x00007ff816f11000 	/System/Library/PrivateFrameworks/login.framework/Versions/A/Frameworks/loginsupport.framework/Versions/A/loginsupport
0x00007ff8239cf000 	/System/Library/PrivateFrameworks/Apple80211.framework/Versions/A/Apple80211
0x00007ff81a11c000 	/System/Library/PrivateFrameworks/AuthKit.framework/Versions/A/AuthKit
0x00007ff819767000 	/System/Library/PrivateFrameworks/CoreUtils.framework/Versions/A/CoreUtils
0x00007ff81968e000 	/System/Library/Frameworks/CoreWLAN.framework/Versions/A/CoreWLAN
0x00007ff81e5c9000 	/System/Library/Frameworks/IOBluetooth.framework/Versions/A/IOBluetooth
0x00007ff823a37000 	/System/Library/PrivateFrameworks/CoreWiFi.framework/Versions/A/CoreWiFi
0x00007ff822403000 	/System/Library/PrivateFrameworks/FrontBoardServices.framework/Versions/A/FrontBoardServices
0x00007ff822494000 	/System/Library/PrivateFrameworks/BoardServices.framework/Versions/A/BoardServices
0x00007ff81997d000 	/System/Library/PrivateFrameworks/AssertionServices.framework/Versions/A/AssertionServices
0x00007ff823bba000 	/System/Library/PrivateFrameworks/BackBoardServices.framework/Versions/A/BackBoardServices
0x00007ff81d9b7000 	/System/Library/PrivateFrameworks/CorePhoneNumbers.framework/Versions/A/CorePhoneNumbers
0x00007ff821701000 	/System/Library/PrivateFrameworks/DiskManagement.framework/Versions/A/DiskManagement
0x00007ff821615000 	/System/Library/PrivateFrameworks/AppleIDAuthSupport.framework/Versions/A/AppleIDAuthSupport
0x00007ffa2ec1d000 	/System/Library/PrivateFrameworks/AAAFoundation.framework/Versions/A/AAAFoundation
0x00007ff81d998000 	/System/Library/PrivateFrameworks/KeychainCircle.framework/Versions/A/KeychainCircle
0x00007ff8216cd000 	/System/Library/PrivateFrameworks/MediaKit.framework/Versions/A/MediaKit
0x00007ff821621000 	/System/Library/Frameworks/DiscRecording.framework/Versions/A/DiscRecording
0x00007ff81af71000 	/usr/lib/libCoreStorage.dylib
0x00007ff823ea8000 	/usr/lib/libcsfde.dylib
0x00007ff81e696000 	/System/Library/PrivateFrameworks/ProtectedCloudStorage.framework/Versions/A/ProtectedCloudStorage
0x00007ff823ea4000 	/System/Library/PrivateFrameworks/EFILogin.framework/Versions/A/EFILogin
0x00007ff821d7f000 	/System/Library/PrivateFrameworks/OctagonTrust.framework/Versions/A/OctagonTrust
0x00007ffb1350a000 	/System/Library/PrivateFrameworks/CoreUtilsExtras.framework/Versions/A/CoreUtilsExtras
0x00007ff821548000 	/System/Library/Frameworks/CoreBluetooth.framework/Versions/A/CoreBluetooth
0x00007ff82452d000 	/System/Library/Frameworks/AudioUnit.framework/Versions/A/AudioUnit
0x00007ff81af69000 	/usr/lib/libMatch.1.dylib
0x00007ff9199ed000 	/System/Library/Frameworks/Accelerate.framework/Versions/A/Frameworks/vImage.framework/Versions/A/Libraries/libCGInterfaces.dylib
0x0000000133b8f000 	/usr/lib/libobjc-trampolines.dylib
0x00007ff816c36000 	/System/Library/PrivateFrameworks/ViewBridge.framework/Versions/A/ViewBridge
0x00007ff81b6bf000 	/System/Library/PrivateFrameworks/login.framework/Versions/A/login
0x00007ffb26cf6000 	/usr/lib/libRosetta.dylib
0x0000000135ef2000 	/Users/harrisonkennethmccauley/Downloads/javafx-sdk-11.0.2/lib/libjavafx_font.dylib
0x00007ff820ac1000 	/System/Library/PrivateFrameworks/SystemAdministration.framework/Versions/A/SystemAdministration
0x00007ff81c318000 	/System/Library/Frameworks/MediaToolbox.framework/Versions/A/MediaToolbox
0x00007ff820371000 	/System/Library/Frameworks/DirectoryService.framework/Versions/A/DirectoryService
0x00007ff823d46000 	/System/Library/PrivateFrameworks/DiskImages.framework/Versions/A/DiskImages
0x00007ff819a25000 	/System/Library/Frameworks/ServiceManagement.framework/Versions/A/ServiceManagement
0x00007ff823f22000 	/System/Library/PrivateFrameworks/LoginUIKit.framework/Versions/A/Frameworks/LoginUICore.framework/Versions/A/LoginUICore
0x00007ff81b868000 	/usr/lib/libodfde.dylib
0x00007ff821bb0000 	/System/Library/PrivateFrameworks/CoreAVCHD.framework/Versions/A/CoreAVCHD
0x00007ff820a85000 	/System/Library/Frameworks/MediaAccessibility.framework/Versions/A/MediaAccessibility
0x00007ff821bac000 	/System/Library/PrivateFrameworks/Mangrove.framework/Versions/A/Mangrove
0x00007ff820a90000 	/System/Library/PrivateFrameworks/AlgosScoreFramework.framework/Versions/A/AlgosScoreFramework
0x00007ffb10804000 	/System/Library/PrivateFrameworks/CMPhoto.framework/Versions/A/CMPhoto
0x00007ff822707000 	/System/Library/PrivateFrameworks/AppleVPA.framework/Versions/A/AppleVPA
0x00007ff8217f1000 	/System/Library/PrivateFrameworks/CoreAUC.framework/Versions/A/CoreAUC
0x00007ff823eb4000 	/usr/lib/libcurl.4.dylib
0x00007ffb27162000 	/usr/lib/libcrypto.46.dylib
0x00007ffb27653000 	/usr/lib/libssl.48.dylib
0x00007ff823bd8000 	/System/Library/Frameworks/LDAP.framework/Versions/A/LDAP
0x00007ff823c10000 	/System/Library/PrivateFrameworks/TrustEvaluationAgent.framework/Versions/A/TrustEvaluationAgent
0x00007ff81d267000 	/usr/lib/libsasl2.2.dylib
0x00007ff820ab5000 	/System/Library/PrivateFrameworks/CoreDaemon.framework/Versions/B/CoreDaemon
0x00007ff820ab0000 	/System/Library/PrivateFrameworks/AppleSRP.framework/Versions/A/AppleSRP
0x00007ffa2f2de000 	/System/Library/PrivateFrameworks/AccessibilityBundles.framework/Versions/A/AccessibilityBundles


VM Arguments:
jvm_args: --module-path=/Users/harrisonkennethmccauley/Downloads/javafx-sdk-11.0.2/lib --add-modules=javafx.controls -Djava.library.path=/Users/harrisonkennethmccauley/Downloads/javafx-sdk-11.0.2/lib -javaagent:/Users/harrisonkennethmccauley/Library/Application Support/JetBrains/Toolbox/apps/IDEA-U/ch-0/213.7172.25/IntelliJ IDEA.app/Contents/lib/idea_rt.jar=49421:/Users/harrisonkennethmccauley/Library/Application Support/JetBrains/Toolbox/apps/IDEA-U/ch-0/213.7172.25/IntelliJ IDEA.app/Contents/bin -Dfile.encoding=UTF-8 
java_command: Jordle
java_class_path (initial): /Users/harrisonkennethmccauley/Downloads/JavaFX/out/production/JavaFX:/Users/harrisonkennethmccauley/Downloads/javafx-sdk-11.0.2/lib/src.zip:/Users/harrisonkennethmccauley/Downloads/javafx-sdk-11.0.2/lib/javafx-swt.jar:/Users/harrisonkennethmccauley/Downloads/javafx-sdk-11.0.2/lib/javafx.web.jar:/Users/harrisonkennethmccauley/Downloads/javafx-sdk-11.0.2/lib/javafx.base.jar:/Users/harrisonkennethmccauley/Downloads/javafx-sdk-11.0.2/lib/javafx.fxml.jar:/Users/harrisonkennethmccauley/Downloads/javafx-sdk-11.0.2/lib/javafx.media.jar:/Users/harrisonkennethmccauley/Downloads/javafx-sdk-11.0.2/lib/javafx.swing.jar:/Users/harrisonkennethmccauley/Downloads/javafx-sdk-11.0.2/lib/javafx.controls.jar:/Users/harrisonkennethmccauley/Downloads/javafx-sdk-11.0.2/lib/javafx.graphics.jar
Launcher Type: SUN_STANDARD

[Global flags]
     intx CICompilerCount                          = 3                                         {product} {ergonomic}
     uint ConcGCThreads                            = 1                                         {product} {ergonomic}
     uint G1ConcRefinementThreads                  = 4                                         {product} {ergonomic}
   size_t G1HeapRegionSize                         = 1048576                                   {product} {ergonomic}
    uintx GCDrainStackTargetSize                   = 64                                        {product} {ergonomic}
   size_t InitialHeapSize                          = 134217728                                 {product} {ergonomic}
   size_t MarkStackSize                            = 4194304                                   {product} {ergonomic}
   size_t MaxHeapSize                              = 2147483648                                {product} {ergonomic}
   size_t MaxNewSize                               = 1287651328                                {product} {ergonomic}
   size_t MinHeapDeltaBytes                        = 1048576                                   {product} {ergonomic}
    uintx NonNMethodCodeHeapSize                   = 5830732                                {pd product} {ergonomic}
    uintx NonProfiledCodeHeapSize                  = 122913754                              {pd product} {ergonomic}
    uintx ProfiledCodeHeapSize                     = 122913754                              {pd product} {ergonomic}
    uintx ReservedCodeCacheSize                    = 251658240                              {pd product} {ergonomic}
     bool SegmentedCodeCache                       = true                                      {product} {ergonomic}
     bool UseCompressedClassPointers               = true                                 {lp64_product} {ergonomic}
     bool UseCompressedOops                        = true                                 {lp64_product} {ergonomic}
     bool UseG1GC                                  = true                                      {product} {ergonomic}

Logging:
Log output configuration:
 #0: stdout all=warning uptime,level,tags
 #1: stderr all=off uptime,level,tags

Environment Variables:
PATH=/usr/local/sbin:/usr/local/bin:/Users/harrisonkennethmccauley/opt/anaconda3/bin:/Users/harrisonkennethmccauley/opt/anaconda3/condabin:/Users/harrisonkennethmccauley/.cabal/bin:/Users/harrisonkennethmccauley/.ghcup/bin:/Library/Frameworks/Python.framework/Versions/3.7/bin:/usr/local/bin:/usr/bin:/bin:/usr/sbin:/sbin:/usr/local/share/dotnet:~/.dotnet/tools:/Library/Apple/usr/bin:/Library/Frameworks/Mono.framework/Versions/Current/Commands
SHELL=/bin/bash

Signal Handlers:
SIGSEGV: [libjvm.dylib+0x79688e], sa_mask[0]=11111111011111110111111111111111, sa_flags=SA_ONSTACK|SA_RESTART|SA_SIGINFO
SIGBUS: [libjvm.dylib+0x79688e], sa_mask[0]=11111111011111110111111111111111, sa_flags=SA_RESTART|SA_SIGINFO
SIGFPE: [libjvm.dylib+0x79688e], sa_mask[0]=11111111011111110111111111111111, sa_flags=SA_RESTART|SA_SIGINFO
SIGPIPE: [libjvm.dylib+0x6488fa], sa_mask[0]=11111111011111110111111111111111, sa_flags=SA_RESTART|SA_SIGINFO
SIGXFSZ: [libjvm.dylib+0x6488fa], sa_mask[0]=11111111011111110111111111111111, sa_flags=SA_RESTART|SA_SIGINFO
SIGILL: [libjvm.dylib+0x79688e], sa_mask[0]=11111111011111110111111111111111, sa_flags=SA_RESTART|SA_SIGINFO
SIGUSR2: [libjvm.dylib+0x648ece], sa_mask[0]=00100000000000000000000000000000, sa_flags=SA_RESTART|SA_SIGINFO
SIGHUP: [libjvm.dylib+0x64798f], sa_mask[0]=11111111011111110111111111111111, sa_flags=SA_RESTART|SA_SIGINFO
SIGINT: [libjvm.dylib+0x64798f], sa_mask[0]=11111111011111110111111111111111, sa_flags=SA_RESTART|SA_SIGINFO
SIGTERM: [libjvm.dylib+0x64798f], sa_mask[0]=11111111011111110111111111111111, sa_flags=SA_RESTART|SA_SIGINFO
SIGQUIT: [libjvm.dylib+0x64798f], sa_mask[0]=11111111011111110111111111111111, sa_flags=SA_RESTART|SA_SIGINFO


---------------  S Y S T E M  ---------------

OS:uname:Darwin 21.4.0 Darwin Kernel Version 21.4.0: Fri Mar 18 00:45:05 PDT 2022; root:xnu-8020.101.4~15/RELEASE_X86_64 x86_64
rlimit: STACK 8192k, CORE 0k, NPROC 1392, NOFILE 10240, AS infinity, DATA infinity, FSIZE infinity
load average:4.26 5.35 6.03

CPU:total 4 (initial active 4) (2 cores per cpu, 2 threads per core) family 6 model 142 stepping 9 microcode 0xec, cmov, cx8, fxsr, mmx, sse, sse2, sse3, ssse3, sse4.1, sse4.2, popcnt, avx, avx2, aes, clmul, erms, 3dnowpref, lzcnt, ht, tsc, tscinvbit, bmi1, bmi2, adx, fma

Memory: 4k page, physical 8388608k(63928k free)

vm_info: Java HotSpot(TM) 64-Bit Server VM (11.0.12+8-LTS-237) for bsd-amd64 JRE (11.0.12+8-LTS-237), built on Jun  8 2021 10:26:22 by "mach5one" with gcc 4.2.1 Compatible Apple LLVM 11.0.0 (clang-1100.0.33.17)

END.
