#
# A fatal error has been detected by the Java Runtime Environment:
#
#  Internal Error (safepoint.cpp:919), pid=39423, tid=33539
#  fatal error: Illegal threadstate encountered: 4
#
# JRE version: Java(TM) SE Runtime Environment 18.9 (11.0.12+8) (build 11.0.12+8-LTS-237)
# Java VM: Java HotSpot(TM) 64-Bit Server VM 18.9 (11.0.12+8-LTS-237, mixed mode, tiered, compressed oops, g1 gc, bsd-amd64)
# No core dump will be written. Core dumps have been disabled. To enable core dumping, try "ulimit -c unlimited" before starting Java again
#
# If you would like to submit a bug report, please visit:
#   https://bugreport.java.com/bugreport/crash.jsp
# The crash happened outside the Java Virtual Machine in native code.
# See problematic frame for where to report the bug.
#

---------------  S U M M A R Y ------------

Command Line: --module-path=/Users/harrisonkennethmccauley/Downloads/javafx-sdk-11.0.2/lib --add-modules=javafx.controls -Djava.library.path=/Users/harrisonkennethmccauley/Downloads/javafx-sdk-11.0.2/lib -javaagent:/Users/harrisonkennethmccauley/Library/Application Support/JetBrains/Toolbox/apps/IDEA-U/ch-0/221.5080.210/IntelliJ IDEA.app/Contents/lib/idea_rt.jar=55571:/Users/harrisonkennethmccauley/Library/Application Support/JetBrains/Toolbox/apps/IDEA-U/ch-0/221.5080.210/IntelliJ IDEA.app/Contents/bin -Dfile.encoding=UTF-8 Jordle

Host: MacBookPro14,2 x86_64 3100 MHz, 4 cores, 8G, Darwin 21.4.0
Time: Mon Apr 18 11:29:20 2022 EDT elapsed time: 13.338451 seconds (0d 0h 0m 13s)

---------------  T H R E A D  ---------------

Current thread (0x00007fe2a1b87800):  JavaThread "InvokeLaterDispatcher" daemon [_thread_in_native, id=33539, stack(0x000070000ec9b000,0x000070000ed9b000)]

Stack: [0x000070000ec9b000,0x000070000ed9b000],  sp=0x000070000ed992c0,  free space=1016k
Native frames: (J=compiled Java code, A=aot compiled Java code, j=interpreted, Vv=VM code, C=native code)
V  [libjvm.dylib+0x7959fc]  _ZN7VMError14report_and_dieEiPKcS1_P13__va_list_tagP6ThreadPhPvS7_S1_im+0x54c
V  [libjvm.dylib+0x79618d]  _ZN7VMError14report_and_dieEP6ThreadPvPKciS4_S4_P13__va_list_tag+0x3f
V  [libjvm.dylib+0x2615d1]  _Z12report_fatalPKciS0_z+0xb5
V  [libjvm.dylib+0x6b55e2]  _ZN20SafepointSynchronize5blockEP10JavaThread+0x1ce
V  [libjvm.dylib+0x74524c]  _ZN10JavaThread44check_safepoint_and_suspend_for_native_transEPS_+0xa8
V  [libjvm.dylib+0x3da37a]  jni_DeleteGlobalRef+0x91
C  [libglass.dylib+0x8851]  -[GlassRunnable dealloc]+0x31
C  [Foundation+0x81bee]  -[_NSThreadPerformInfo dealloc]+0x2a
C  [Foundation+0x4e496]  -[NSObject(NSThreadPerformAdditions) performSelectorOnMainThread:withObject:waitUntilDone:]+0x7c
J 3904  com.sun.glass.ui.mac.MacApplication._submitForLaterInvocation(Ljava/lang/Runnable;)V javafx.graphics (0 bytes) @ 0x000000011b07ca0f [0x000000011b07c940+0x00000000000000cf]
J 3660 c1 com.sun.glass.ui.mac.MacApplication.submitForLaterInvocation(Ljava/lang/Runnable;)V javafx.graphics (6 bytes) @ 0x00000001140117b4 [0x0000000114011740+0x0000000000000074]
j  com.sun.glass.ui.InvokeLaterDispatcher.run()V+82 javafx.graphics
v  ~StubRoutines::call_stub
V  [libjvm.dylib+0x39b3e7]  _ZN9JavaCalls11call_helperEP9JavaValueRK12methodHandleP17JavaCallArgumentsP6Thread+0x21d
V  [libjvm.dylib+0x39a849]  _ZN9JavaCalls12call_virtualEP9JavaValueP5KlassP6SymbolS5_P17JavaCallArgumentsP6Thread+0xe9
V  [libjvm.dylib+0x39a904]  _ZN9JavaCalls12call_virtualEP9JavaValue6HandleP5KlassP6SymbolS6_P6Thread+0x62
V  [libjvm.dylib+0x422d20]  _ZL12thread_entryP10JavaThreadP6Thread+0x78
V  [libjvm.dylib+0x743c46]  _ZN10JavaThread17thread_main_innerEv+0x82
V  [libjvm.dylib+0x743a97]  _ZN10JavaThread3runEv+0x173
V  [libjvm.dylib+0x7418de]  _ZN6Thread8call_runEv+0x68
V  [libjvm.dylib+0x6468d2]  _ZL19thread_native_entryP6Thread+0x136
C  [libsystem_pthread.dylib+0x64e1]  _pthread_start+0x7d
C  [libsystem_pthread.dylib+0x1f6b]  thread_start+0xf

Java frames: (J=compiled Java code, j=interpreted, Vv=VM code)
J 3904  com.sun.glass.ui.mac.MacApplication._submitForLaterInvocation(Ljava/lang/Runnable;)V javafx.graphics (0 bytes) @ 0x000000011b07c99c [0x000000011b07c940+0x000000000000005c]
J 3660 c1 com.sun.glass.ui.mac.MacApplication.submitForLaterInvocation(Ljava/lang/Runnable;)V javafx.graphics (6 bytes) @ 0x00000001140117b4 [0x0000000114011740+0x0000000000000074]
j  com.sun.glass.ui.InvokeLaterDispatcher.run()V+82 javafx.graphics
v  ~StubRoutines::call_stub

---------------  P R O C E S S  ---------------

Threads class SMR info:
_java_thread_list=0x00006000010b3620, length=18, elements={
0x00007fe2a1811000, 0x00007fe2a300d800, 0x00007fe2a18a4000, 0x00007fe2a18a8800,
0x00007fe2a18b6800, 0x00007fe2a2849000, 0x00007fe2a1912000, 0x00007fe2a284a000,
0x00007fe2a302b000, 0x00007fe2a3884800, 0x00007fe2a1b70800, 0x00007fe2a1b87800,
0x00007fe2a2ac4000, 0x00007fe2a1c7c800, 0x00007fe2a1c9e000, 0x00007fe2a3379800,
0x00007fe2a1db7000, 0x00007fe2a2c37800
}

Java Threads: ( => current thread )
  0x00007fe2a1811000 JavaThread "main" [_thread_blocked, id=10243, stack(0x000070000d759000,0x000070000d859000)]
  0x00007fe2a300d800 JavaThread "Reference Handler" daemon [_thread_blocked, id=19203, stack(0x000070000de6e000,0x000070000df6e000)]
  0x00007fe2a18a4000 JavaThread "Finalizer" daemon [_thread_blocked, id=14595, stack(0x000070000df71000,0x000070000e071000)]
  0x00007fe2a18a8800 JavaThread "Signal Dispatcher" daemon [_thread_blocked, id=16131, stack(0x000070000e17a000,0x000070000e27a000)]
  0x00007fe2a18b6800 JavaThread "Service Thread" daemon [_thread_blocked, id=21763, stack(0x000070000e27d000,0x000070000e37d000)]
  0x00007fe2a2849000 JavaThread "C2 CompilerThread0" daemon [_thread_blocked, id=43011, stack(0x000070000e380000,0x000070000e480000)]
  0x00007fe2a1912000 JavaThread "C1 CompilerThread0" daemon [_thread_blocked, id=42499, stack(0x000070000e483000,0x000070000e583000)]
  0x00007fe2a284a000 JavaThread "Sweeper thread" daemon [_thread_blocked, id=41731, stack(0x000070000e586000,0x000070000e686000)]
  0x00007fe2a302b000 JavaThread "Common-Cleaner" daemon [_thread_blocked, id=40963, stack(0x000070000e689000,0x000070000e789000)]
  0x00007fe2a3884800 JavaThread "Monitor Ctrl-Break" daemon [_thread_in_native, id=40451, stack(0x000070000e78c000,0x000070000e88c000)]
  0x00007fe2a1b70800 JavaThread "QuantumRenderer-0" daemon [_thread_blocked, id=39683, stack(0x000070000e992000,0x000070000ea92000)]
=>0x00007fe2a1b87800 JavaThread "InvokeLaterDispatcher" daemon [_thread_in_native, id=33539, stack(0x000070000ec9b000,0x000070000ed9b000)]
  0x00007fe2a2ac4000 JavaThread "JavaFX Application Thread" [_thread_in_native_trans, id=259, stack(0x00007ff7b66ee000,0x00007ff7b6eee000)]
  0x00007fe2a1c7c800 JavaThread "Thread-2" daemon [_thread_in_native, id=47623, stack(0x000070000eea4000,0x000070000ef24000)]
  0x00007fe2a1c9e000 JavaThread "JavaFX-Launcher" [_thread_blocked, id=56067, stack(0x000070000f0b0000,0x000070000f1b0000)]
  0x00007fe2a3379800 JavaThread "Attach Listener" daemon [_thread_blocked, id=57351, stack(0x000070000f1b3000,0x000070000f2b3000)]
  0x00007fe2a1db7000 JavaThread "Prism Font Disposer" daemon [_thread_blocked, id=58115, stack(0x000070000f2b6000,0x000070000f3b6000)]
  0x00007fe2a2c37800 JavaThread "Cleaner-0" daemon [_thread_blocked, id=70403, stack(0x000070000f53f000,0x000070000f63f000)]

Other Threads:
  0x00007fe2a380d000 VMThread "VM Thread" [stack: 0x000070000dd6b000,0x000070000de6b000] [id=14083]
  0x00007fe2a18aa800 WatcherThread [stack: 0x000070000e88f000,0x000070000e98f000] [id=22787]
  0x00007fe2a1814000 GCTaskThread "GC Thread#0" [stack: 0x000070000d85c000,0x000070000d95c000] [id=11779]
  0x00007fe2a1b8c000 GCTaskThread "GC Thread#1" [stack: 0x000070000ea95000,0x000070000eb95000] [id=34819]
  0x00007fe2a1b87000 GCTaskThread "GC Thread#2" [stack: 0x000070000eb98000,0x000070000ec98000] [id=34307]
  0x00007fe2a1c8d000 GCTaskThread "GC Thread#3" [stack: 0x000070000f3b9000,0x000070000f4b9000] [id=58631]
  0x00007fe2a183f800 ConcurrentGCThread "G1 Main Marker" [stack: 0x000070000d95f000,0x000070000da5f000] [id=21251]
  0x00007fe2a1840800 ConcurrentGCThread "G1 Conc#0" [stack: 0x000070000da62000,0x000070000db62000] [id=12547]
  0x00007fe2a1891000 ConcurrentGCThread "G1 Refine#0" [stack: 0x000070000db65000,0x000070000dc65000] [id=20483]
  0x00007fe2a280a800 ConcurrentGCThread "G1 Young RemSet Sampling" [stack: 0x000070000dc68000,0x000070000dd68000] [id=13059]

Threads with active compile tasks:

VM state:not at safepoint (normal execution)

VM Mutex/Monitor currently owned by a thread: None

Heap address: 0x0000000780000000, size: 2048 MB, Compressed Oops mode: Zero based, Oop shift amount: 3
Narrow klass base: 0x0000000800000000, Narrow klass shift: 0
Compressed class space size: 1073741824 Address: 0x0000000800000000

Heap:
 garbage-first heap   total 131072K, used 29679K [0x0000000780000000, 0x0000000800000000)
  region size 1024K, 27 young (27648K), 7 survivors (7168K)
 Metaspace       used 25505K, capacity 26446K, committed 26752K, reserved 1073152K
  class space    used 3218K, capacity 3640K, committed 3712K, reserved 1048576K
Heap Regions: E=young(eden), S=young(survivor), O=old, HS=humongous(starts), HC=humongous(continues), CS=collection set, F=free, A=archive, TAMS=top-at-mark-start (previous, next)
|   0|0x0000000780000000, 0x000000078004c200, 0x0000000780100000| 29%| O|  |TAMS 0x000000078004c200, 0x0000000780000000| Untracked 
|   1|0x0000000780100000, 0x0000000780200000, 0x0000000780200000|100%|HS|  |TAMS 0x0000000780200000, 0x0000000780100000| Complete 
|   2|0x0000000780200000, 0x0000000780300000, 0x0000000780300000|100%|HC|  |TAMS 0x0000000780300000, 0x0000000780200000| Complete 
|   3|0x0000000780300000, 0x0000000780400000, 0x0000000780400000|100%|HS|  |TAMS 0x0000000780300000, 0x0000000780300000| Complete 
|   4|0x0000000780400000, 0x0000000780500000, 0x0000000780500000|100%|HC|  |TAMS 0x0000000780400000, 0x0000000780400000| Complete 
|   5|0x0000000780500000, 0x0000000780500000, 0x0000000780600000|  0%| F|  |TAMS 0x0000000780500000, 0x0000000780500000| Untracked 
|   6|0x0000000780600000, 0x0000000780600000, 0x0000000780700000|  0%| F|  |TAMS 0x0000000780600000, 0x0000000780600000| Untracked 
|   7|0x0000000780700000, 0x0000000780700000, 0x0000000780800000|  0%| F|  |TAMS 0x0000000780700000, 0x0000000780700000| Untracked 
|   8|0x0000000780800000, 0x0000000780800000, 0x0000000780900000|  0%| F|  |TAMS 0x0000000780800000, 0x0000000780800000| Untracked 
|   9|0x0000000780900000, 0x0000000780900000, 0x0000000780a00000|  0%| F|  |TAMS 0x0000000780900000, 0x0000000780900000| Untracked 
|  10|0x0000000780a00000, 0x0000000780a00000, 0x0000000780b00000|  0%| F|  |TAMS 0x0000000780a00000, 0x0000000780a00000| Untracked 
|  11|0x0000000780b00000, 0x0000000780b00000, 0x0000000780c00000|  0%| F|  |TAMS 0x0000000780b00000, 0x0000000780b00000| Untracked 
|  12|0x0000000780c00000, 0x0000000780c00000, 0x0000000780d00000|  0%| F|  |TAMS 0x0000000780c00000, 0x0000000780c00000| Untracked 
|  13|0x0000000780d00000, 0x0000000780d00000, 0x0000000780e00000|  0%| F|  |TAMS 0x0000000780d00000, 0x0000000780d00000| Untracked 
|  14|0x0000000780e00000, 0x0000000780e00000, 0x0000000780f00000|  0%| F|  |TAMS 0x0000000780e00000, 0x0000000780e00000| Untracked 
|  15|0x0000000780f00000, 0x0000000780f00000, 0x0000000781000000|  0%| F|  |TAMS 0x0000000780f00000, 0x0000000780f00000| Untracked 
|  16|0x0000000781000000, 0x0000000781000000, 0x0000000781100000|  0%| F|  |TAMS 0x0000000781000000, 0x0000000781000000| Untracked 
|  17|0x0000000781100000, 0x0000000781100000, 0x0000000781200000|  0%| F|  |TAMS 0x0000000781100000, 0x0000000781100000| Untracked 
|  18|0x0000000781200000, 0x0000000781200000, 0x0000000781300000|  0%| F|  |TAMS 0x0000000781200000, 0x0000000781200000| Untracked 
|  19|0x0000000781300000, 0x0000000781300000, 0x0000000781400000|  0%| F|  |TAMS 0x0000000781300000, 0x0000000781300000| Untracked 
|  20|0x0000000781400000, 0x0000000781400000, 0x0000000781500000|  0%| F|  |TAMS 0x0000000781400000, 0x0000000781400000| Untracked 
|  21|0x0000000781500000, 0x0000000781500000, 0x0000000781600000|  0%| F|  |TAMS 0x0000000781500000, 0x0000000781500000| Untracked 
|  22|0x0000000781600000, 0x0000000781600000, 0x0000000781700000|  0%| F|  |TAMS 0x0000000781600000, 0x0000000781600000| Untracked 
|  23|0x0000000781700000, 0x0000000781700000, 0x0000000781800000|  0%| F|  |TAMS 0x0000000781700000, 0x0000000781700000| Untracked 
|  24|0x0000000781800000, 0x0000000781800000, 0x0000000781900000|  0%| F|  |TAMS 0x0000000781800000, 0x0000000781800000| Untracked 
|  25|0x0000000781900000, 0x0000000781900000, 0x0000000781a00000|  0%| F|  |TAMS 0x0000000781900000, 0x0000000781900000| Untracked 
|  26|0x0000000781a00000, 0x0000000781a00000, 0x0000000781b00000|  0%| F|  |TAMS 0x0000000781a00000, 0x0000000781a00000| Untracked 
|  27|0x0000000781b00000, 0x0000000781b00000, 0x0000000781c00000|  0%| F|  |TAMS 0x0000000781b00000, 0x0000000781b00000| Untracked 
|  28|0x0000000781c00000, 0x0000000781c00000, 0x0000000781d00000|  0%| F|  |TAMS 0x0000000781c00000, 0x0000000781c00000| Untracked 
|  29|0x0000000781d00000, 0x0000000781d00000, 0x0000000781e00000|  0%| F|  |TAMS 0x0000000781d00000, 0x0000000781d00000| Untracked 
|  30|0x0000000781e00000, 0x0000000781e00000, 0x0000000781f00000|  0%| F|  |TAMS 0x0000000781e00000, 0x0000000781e00000| Untracked 
|  31|0x0000000781f00000, 0x0000000781f00000, 0x0000000782000000|  0%| F|  |TAMS 0x0000000781f00000, 0x0000000781f00000| Untracked 
|  32|0x0000000782000000, 0x0000000782000000, 0x0000000782100000|  0%| F|  |TAMS 0x0000000782000000, 0x0000000782000000| Untracked 
|  33|0x0000000782100000, 0x0000000782100000, 0x0000000782200000|  0%| F|  |TAMS 0x0000000782100000, 0x0000000782100000| Untracked 
|  34|0x0000000782200000, 0x0000000782200000, 0x0000000782300000|  0%| F|  |TAMS 0x0000000782200000, 0x0000000782200000| Untracked 
|  35|0x0000000782300000, 0x0000000782300000, 0x0000000782400000|  0%| F|  |TAMS 0x0000000782300000, 0x0000000782300000| Untracked 
|  36|0x0000000782400000, 0x0000000782400000, 0x0000000782500000|  0%| F|  |TAMS 0x0000000782400000, 0x0000000782400000| Untracked 
|  37|0x0000000782500000, 0x0000000782500000, 0x0000000782600000|  0%| F|  |TAMS 0x0000000782500000, 0x0000000782500000| Untracked 
|  38|0x0000000782600000, 0x0000000782600000, 0x0000000782700000|  0%| F|  |TAMS 0x0000000782600000, 0x0000000782600000| Untracked 
|  39|0x0000000782700000, 0x0000000782700000, 0x0000000782800000|  0%| F|  |TAMS 0x0000000782700000, 0x0000000782700000| Untracked 
|  40|0x0000000782800000, 0x0000000782800000, 0x0000000782900000|  0%| F|  |TAMS 0x0000000782800000, 0x0000000782800000| Untracked 
|  41|0x0000000782900000, 0x0000000782900000, 0x0000000782a00000|  0%| F|  |TAMS 0x0000000782900000, 0x0000000782900000| Untracked 
|  42|0x0000000782a00000, 0x0000000782a00000, 0x0000000782b00000|  0%| F|  |TAMS 0x0000000782a00000, 0x0000000782a00000| Untracked 
|  43|0x0000000782b00000, 0x0000000782b00000, 0x0000000782c00000|  0%| F|  |TAMS 0x0000000782b00000, 0x0000000782b00000| Untracked 
|  44|0x0000000782c00000, 0x0000000782c00000, 0x0000000782d00000|  0%| F|  |TAMS 0x0000000782c00000, 0x0000000782c00000| Untracked 
|  45|0x0000000782d00000, 0x0000000782d00000, 0x0000000782e00000|  0%| F|  |TAMS 0x0000000782d00000, 0x0000000782d00000| Untracked 
|  46|0x0000000782e00000, 0x0000000782e00000, 0x0000000782f00000|  0%| F|  |TAMS 0x0000000782e00000, 0x0000000782e00000| Untracked 
|  47|0x0000000782f00000, 0x0000000782f00000, 0x0000000783000000|  0%| F|  |TAMS 0x0000000782f00000, 0x0000000782f00000| Untracked 
|  48|0x0000000783000000, 0x0000000783000000, 0x0000000783100000|  0%| F|  |TAMS 0x0000000783000000, 0x0000000783000000| Untracked 
|  49|0x0000000783100000, 0x0000000783100000, 0x0000000783200000|  0%| F|  |TAMS 0x0000000783100000, 0x0000000783100000| Untracked 
|  50|0x0000000783200000, 0x0000000783200000, 0x0000000783300000|  0%| F|  |TAMS 0x0000000783200000, 0x0000000783200000| Untracked 
|  51|0x0000000783300000, 0x0000000783300000, 0x0000000783400000|  0%| F|  |TAMS 0x0000000783300000, 0x0000000783300000| Untracked 
|  52|0x0000000783400000, 0x0000000783400000, 0x0000000783500000|  0%| F|  |TAMS 0x0000000783400000, 0x0000000783400000| Untracked 
|  53|0x0000000783500000, 0x0000000783500000, 0x0000000783600000|  0%| F|  |TAMS 0x0000000783500000, 0x0000000783500000| Untracked 
|  54|0x0000000783600000, 0x0000000783600000, 0x0000000783700000|  0%| F|  |TAMS 0x0000000783600000, 0x0000000783600000| Untracked 
|  55|0x0000000783700000, 0x0000000783700000, 0x0000000783800000|  0%| F|  |TAMS 0x0000000783700000, 0x0000000783700000| Untracked 
|  56|0x0000000783800000, 0x0000000783800000, 0x0000000783900000|  0%| F|  |TAMS 0x0000000783800000, 0x0000000783800000| Untracked 
|  57|0x0000000783900000, 0x0000000783900000, 0x0000000783a00000|  0%| F|  |TAMS 0x0000000783900000, 0x0000000783900000| Untracked 
|  58|0x0000000783a00000, 0x0000000783a00000, 0x0000000783b00000|  0%| F|  |TAMS 0x0000000783a00000, 0x0000000783a00000| Untracked 
|  59|0x0000000783b00000, 0x0000000783b00000, 0x0000000783c00000|  0%| F|  |TAMS 0x0000000783b00000, 0x0000000783b00000| Untracked 
|  60|0x0000000783c00000, 0x0000000783c00000, 0x0000000783d00000|  0%| F|  |TAMS 0x0000000783c00000, 0x0000000783c00000| Untracked 
|  61|0x0000000783d00000, 0x0000000783d00000, 0x0000000783e00000|  0%| F|  |TAMS 0x0000000783d00000, 0x0000000783d00000| Untracked 
|  62|0x0000000783e00000, 0x0000000783e00000, 0x0000000783f00000|  0%| F|  |TAMS 0x0000000783e00000, 0x0000000783e00000| Untracked 
|  63|0x0000000783f00000, 0x0000000783f00000, 0x0000000784000000|  0%| F|  |TAMS 0x0000000783f00000, 0x0000000783f00000| Untracked 
|  64|0x0000000784000000, 0x0000000784000000, 0x0000000784100000|  0%| F|  |TAMS 0x0000000784000000, 0x0000000784000000| Untracked 
|  65|0x0000000784100000, 0x0000000784100000, 0x0000000784200000|  0%| F|  |TAMS 0x0000000784100000, 0x0000000784100000| Untracked 
|  66|0x0000000784200000, 0x0000000784200000, 0x0000000784300000|  0%| F|  |TAMS 0x0000000784200000, 0x0000000784200000| Untracked 
|  67|0x0000000784300000, 0x0000000784300000, 0x0000000784400000|  0%| F|  |TAMS 0x0000000784300000, 0x0000000784300000| Untracked 
|  68|0x0000000784400000, 0x0000000784400000, 0x0000000784500000|  0%| F|  |TAMS 0x0000000784400000, 0x0000000784400000| Untracked 
|  69|0x0000000784500000, 0x0000000784500000, 0x0000000784600000|  0%| F|  |TAMS 0x0000000784500000, 0x0000000784500000| Untracked 
|  70|0x0000000784600000, 0x0000000784600000, 0x0000000784700000|  0%| F|  |TAMS 0x0000000784600000, 0x0000000784600000| Untracked 
|  71|0x0000000784700000, 0x0000000784700000, 0x0000000784800000|  0%| F|  |TAMS 0x0000000784700000, 0x0000000784700000| Untracked 
|  72|0x0000000784800000, 0x0000000784800000, 0x0000000784900000|  0%| F|  |TAMS 0x0000000784800000, 0x0000000784800000| Untracked 
|  73|0x0000000784900000, 0x0000000784900000, 0x0000000784a00000|  0%| F|  |TAMS 0x0000000784900000, 0x0000000784900000| Untracked 
|  74|0x0000000784a00000, 0x0000000784a00000, 0x0000000784b00000|  0%| F|  |TAMS 0x0000000784a00000, 0x0000000784a00000| Untracked 
|  75|0x0000000784b00000, 0x0000000784b00000, 0x0000000784c00000|  0%| F|  |TAMS 0x0000000784b00000, 0x0000000784b00000| Untracked 
|  76|0x0000000784c00000, 0x0000000784c00000, 0x0000000784d00000|  0%| F|  |TAMS 0x0000000784c00000, 0x0000000784c00000| Untracked 
|  77|0x0000000784d00000, 0x0000000784d00000, 0x0000000784e00000|  0%| F|  |TAMS 0x0000000784d00000, 0x0000000784d00000| Untracked 
|  78|0x0000000784e00000, 0x0000000784e00000, 0x0000000784f00000|  0%| F|  |TAMS 0x0000000784e00000, 0x0000000784e00000| Untracked 
|  79|0x0000000784f00000, 0x0000000784f00000, 0x0000000785000000|  0%| F|  |TAMS 0x0000000784f00000, 0x0000000784f00000| Untracked 
|  80|0x0000000785000000, 0x00000007850afba0, 0x0000000785100000| 68%| S|CS|TAMS 0x0000000785000000, 0x0000000785000000| Complete 
|  81|0x0000000785100000, 0x0000000785200000, 0x0000000785200000|100%| S|CS|TAMS 0x0000000785100000, 0x0000000785100000| Complete 
|  82|0x0000000785200000, 0x0000000785300000, 0x0000000785300000|100%| S|CS|TAMS 0x0000000785200000, 0x0000000785200000| Complete 
|  83|0x0000000785300000, 0x0000000785400000, 0x0000000785400000|100%| S|CS|TAMS 0x0000000785300000, 0x0000000785300000| Complete 
|  84|0x0000000785400000, 0x0000000785500000, 0x0000000785500000|100%| S|CS|TAMS 0x0000000785400000, 0x0000000785400000| Complete 
|  85|0x0000000785500000, 0x0000000785600000, 0x0000000785600000|100%| S|CS|TAMS 0x0000000785500000, 0x0000000785500000| Complete 
|  86|0x0000000785600000, 0x0000000785700000, 0x0000000785700000|100%| S|CS|TAMS 0x0000000785600000, 0x0000000785600000| Complete 
|  87|0x0000000785700000, 0x0000000785700000, 0x0000000785800000|  0%| F|  |TAMS 0x0000000785700000, 0x0000000785700000| Untracked 
|  88|0x0000000785800000, 0x0000000785800000, 0x0000000785900000|  0%| F|  |TAMS 0x0000000785800000, 0x0000000785800000| Untracked 
|  89|0x0000000785900000, 0x0000000785900000, 0x0000000785a00000|  0%| F|  |TAMS 0x0000000785900000, 0x0000000785900000| Untracked 
|  90|0x0000000785a00000, 0x0000000785a00000, 0x0000000785b00000|  0%| F|  |TAMS 0x0000000785a00000, 0x0000000785a00000| Untracked 
|  91|0x0000000785b00000, 0x0000000785b00000, 0x0000000785c00000|  0%| F|  |TAMS 0x0000000785b00000, 0x0000000785b00000| Untracked 
|  92|0x0000000785c00000, 0x0000000785c00000, 0x0000000785d00000|  0%| F|  |TAMS 0x0000000785c00000, 0x0000000785c00000| Untracked 
|  93|0x0000000785d00000, 0x0000000785d00000, 0x0000000785e00000|  0%| F|  |TAMS 0x0000000785d00000, 0x0000000785d00000| Untracked 
|  94|0x0000000785e00000, 0x0000000785e00000, 0x0000000785f00000|  0%| F|  |TAMS 0x0000000785e00000, 0x0000000785e00000| Untracked 
|  95|0x0000000785f00000, 0x0000000785f00000, 0x0000000786000000|  0%| F|  |TAMS 0x0000000785f00000, 0x0000000785f00000| Untracked 
|  96|0x0000000786000000, 0x0000000786000000, 0x0000000786100000|  0%| F|  |TAMS 0x0000000786000000, 0x0000000786000000| Untracked 
|  97|0x0000000786100000, 0x0000000786100000, 0x0000000786200000|  0%| F|  |TAMS 0x0000000786100000, 0x0000000786100000| Untracked 
|  98|0x0000000786200000, 0x0000000786200000, 0x0000000786300000|  0%| F|  |TAMS 0x0000000786200000, 0x0000000786200000| Untracked 
|  99|0x0000000786300000, 0x0000000786300000, 0x0000000786400000|  0%| F|  |TAMS 0x0000000786300000, 0x0000000786300000| Untracked 
| 100|0x0000000786400000, 0x0000000786400000, 0x0000000786500000|  0%| F|  |TAMS 0x0000000786400000, 0x0000000786400000| Untracked 
| 101|0x0000000786500000, 0x0000000786500000, 0x0000000786600000|  0%| F|  |TAMS 0x0000000786500000, 0x0000000786500000| Untracked 
| 102|0x0000000786600000, 0x0000000786600000, 0x0000000786700000|  0%| F|  |TAMS 0x0000000786600000, 0x0000000786600000| Untracked 
| 103|0x0000000786700000, 0x0000000786700000, 0x0000000786800000|  0%| F|  |TAMS 0x0000000786700000, 0x0000000786700000| Untracked 
| 104|0x0000000786800000, 0x0000000786800000, 0x0000000786900000|  0%| F|  |TAMS 0x0000000786800000, 0x0000000786800000| Untracked 
| 105|0x0000000786900000, 0x0000000786900000, 0x0000000786a00000|  0%| F|  |TAMS 0x0000000786900000, 0x0000000786900000| Untracked 
| 106|0x0000000786a00000, 0x0000000786a00000, 0x0000000786b00000|  0%| F|  |TAMS 0x0000000786a00000, 0x0000000786a00000| Untracked 
| 107|0x0000000786b00000, 0x0000000786b00000, 0x0000000786c00000|  0%| F|  |TAMS 0x0000000786b00000, 0x0000000786b00000| Untracked 
| 108|0x0000000786c00000, 0x0000000786ccf958, 0x0000000786d00000| 81%| E|  |TAMS 0x0000000786c00000, 0x0000000786c00000| Complete 
| 109|0x0000000786d00000, 0x0000000786e00000, 0x0000000786e00000|100%| E|CS|TAMS 0x0000000786d00000, 0x0000000786d00000| Complete 
| 110|0x0000000786e00000, 0x0000000786f00000, 0x0000000786f00000|100%| E|CS|TAMS 0x0000000786e00000, 0x0000000786e00000| Complete 
| 111|0x0000000786f00000, 0x0000000787000000, 0x0000000787000000|100%| E|CS|TAMS 0x0000000786f00000, 0x0000000786f00000| Complete 
| 112|0x0000000787000000, 0x0000000787100000, 0x0000000787100000|100%| E|CS|TAMS 0x0000000787000000, 0x0000000787000000| Complete 
| 113|0x0000000787100000, 0x0000000787200000, 0x0000000787200000|100%| E|CS|TAMS 0x0000000787100000, 0x0000000787100000| Complete 
| 114|0x0000000787200000, 0x0000000787300000, 0x0000000787300000|100%| E|CS|TAMS 0x0000000787200000, 0x0000000787200000| Complete 
| 115|0x0000000787300000, 0x0000000787400000, 0x0000000787400000|100%| E|CS|TAMS 0x0000000787300000, 0x0000000787300000| Complete 
| 116|0x0000000787400000, 0x0000000787500000, 0x0000000787500000|100%| E|CS|TAMS 0x0000000787400000, 0x0000000787400000| Complete 
| 117|0x0000000787500000, 0x0000000787600000, 0x0000000787600000|100%| E|CS|TAMS 0x0000000787500000, 0x0000000787500000| Complete 
| 118|0x0000000787600000, 0x0000000787700000, 0x0000000787700000|100%| E|CS|TAMS 0x0000000787600000, 0x0000000787600000| Complete 
| 119|0x0000000787700000, 0x0000000787800000, 0x0000000787800000|100%| E|CS|TAMS 0x0000000787700000, 0x0000000787700000| Complete 
| 120|0x0000000787800000, 0x0000000787900000, 0x0000000787900000|100%| E|CS|TAMS 0x0000000787800000, 0x0000000787800000| Complete 
| 121|0x0000000787900000, 0x0000000787a00000, 0x0000000787a00000|100%| E|CS|TAMS 0x0000000787900000, 0x0000000787900000| Complete 
| 122|0x0000000787a00000, 0x0000000787b00000, 0x0000000787b00000|100%| E|CS|TAMS 0x0000000787a00000, 0x0000000787a00000| Complete 
| 123|0x0000000787b00000, 0x0000000787c00000, 0x0000000787c00000|100%| E|CS|TAMS 0x0000000787b00000, 0x0000000787b00000| Complete 
| 124|0x0000000787c00000, 0x0000000787d00000, 0x0000000787d00000|100%| E|CS|TAMS 0x0000000787c00000, 0x0000000787c00000| Complete 
| 125|0x0000000787d00000, 0x0000000787e00000, 0x0000000787e00000|100%| E|CS|TAMS 0x0000000787d00000, 0x0000000787d00000| Complete 
| 126|0x0000000787e00000, 0x0000000787f00000, 0x0000000787f00000|100%| E|  |TAMS 0x0000000787e00000, 0x0000000787e00000| Complete 
| 127|0x0000000787f00000, 0x0000000788000000, 0x0000000788000000|100%| E|CS|TAMS 0x0000000787f00000, 0x0000000787f00000| Complete 

Card table byte_map: [0x00000001097eb000,0x0000000109beb000] _byte_map_base: 0x0000000105beb000

Marking Bits (Prev, Next): (CMBitMap*) 0x00007fe2a1836e50, (CMBitMap*) 0x00007fe2a1836e18
 Prev Bits: [0x000000012488e000, 0x000000012688e000)
 Next Bits: [0x000000012288e000, 0x000000012488e000)

Polling page: 0x0000000109151000

Metaspace:

Usage:
  Non-class:     22.27 MB capacity,    21.77 MB ( 98%) used,   406.95 KB (  2%) free+waste,   111.56 KB ( <1%) overhead. 
      Class:      3.55 MB capacity,     3.14 MB ( 88%) used,   364.28 KB ( 10%) free+waste,    57.69 KB (  2%) overhead. 
       Both:     25.83 MB capacity,    24.91 MB ( 96%) used,   771.23 KB (  3%) free+waste,   169.25 KB ( <1%) overhead. 

Virtual space:
  Non-class space:       24.00 MB reserved,      22.50 MB ( 94%) committed 
      Class space:        1.00 GB reserved,       3.62 MB ( <1%) committed 
             Both:        1.02 GB reserved,      26.12 MB (  2%) committed 

Chunk freelists:
   Non-Class:  10.25 KB
       Class:  1.00 KB
        Both:  11.25 KB

CodeHeap 'non-profiled nmethods': size=120032Kb used=1312Kb max_used=1312Kb free=118719Kb
 bounds [0x000000011af56000, 0x000000011b1c6000, 0x000000012248e000]
CodeHeap 'profiled nmethods': size=120032Kb used=8076Kb max_used=8076Kb free=111956Kb
 bounds [0x0000000113a1e000, 0x000000011420e000, 0x000000011af56000]
CodeHeap 'non-nmethods': size=5696Kb used=1344Kb max_used=1375Kb free=4351Kb
 bounds [0x000000011348e000, 0x00000001136fe000, 0x0000000113a1e000]
 total_blobs=4949 nmethods=4166 adapters=695
 compilation: enabled
              stopped_count=0, restarted_count=0
 full_count=0

Compilation events (10 events):
Event: 13.226 Thread 0x00007fe2a1912000 4201       3       javafx.scene.layout.StackPane::getContentBias (84 bytes)
Event: 13.227 Thread 0x00007fe2a1912000 nmethod 4201 0x00000001141ff610 code [0x00000001141ff820, 0x0000000114200040]
Event: 13.227 Thread 0x00007fe2a2849000 4202       4       javafx.scene.Node::updateLocalToParentTransform (442 bytes)
Event: 13.237 Thread 0x00007fe2a2849000 nmethod 4202 0x000000011b09b690 code [0x000000011b09b940, 0x000000011b09c018]
Event: 13.243 Thread 0x00007fe2a1912000 4203       3       java.util.regex.Matcher::reset (128 bytes)
Event: 13.243 Thread 0x00007fe2a1912000 nmethod 4203 0x0000000114200210 code [0x0000000114200400, 0x00000001142009d0]
Event: 13.243 Thread 0x00007fe2a2849000 4204       4       com.sun.prism.impl.GlyphCache::addDataToQuad (305 bytes)
Event: 13.260 Thread 0x00007fe2a1912000 4205       3       com.sun.prism.impl.ps.BaseShaderGraphics::setNodeBounds (19 bytes)
Event: 13.260 Thread 0x00007fe2a1912000 nmethod 4205 0x0000000114200c10 code [0x0000000114200dc0, 0x0000000114200f70]
Event: 13.267 Thread 0x00007fe2a2849000 nmethod 4204 0x000000011b09c690 code [0x000000011b09c8a0, 0x000000011b09d768]

GC Heap History (4 events):
Event: 1.066 GC heap before
{Heap before GC invocations=0 (full 0):
 garbage-first heap   total 131072K, used 13312K [0x0000000780000000, 0x0000000800000000)
  region size 1024K, 14 young (14336K), 0 survivors (0K)
 Metaspace       used 9176K, capacity 9510K, committed 9856K, reserved 1058816K
  class space    used 906K, capacity 1025K, committed 1152K, reserved 1048576K
}
Event: 1.069 GC heap after
{Heap after GC invocations=1 (full 0):
 garbage-first heap   total 131072K, used 2352K [0x0000000780000000, 0x0000000800000000)
  region size 1024K, 2 young (2048K), 2 survivors (2048K)
 Metaspace       used 9176K, capacity 9510K, committed 9856K, reserved 1058816K
  class space    used 906K, capacity 1025K, committed 1152K, reserved 1048576K
}
Event: 3.064 GC heap before
{Heap before GC invocations=1 (full 0):
 garbage-first heap   total 131072K, used 42288K [0x0000000780000000, 0x0000000800000000)
  region size 1024K, 41 young (41984K), 2 survivors (2048K)
 Metaspace       used 20476K, capacity 21180K, committed 21248K, reserved 1067008K
  class space    used 2730K, capacity 3042K, committed 3072K, reserved 1048576K
}
Event: 3.094 GC heap after
{Heap after GC invocations=2 (full 0):
 garbage-first heap   total 131072K, used 9199K [0x0000000780000000, 0x0000000800000000)
  region size 1024K, 7 young (7168K), 7 survivors (7168K)
 Metaspace       used 20476K, capacity 21180K, committed 21248K, reserved 1067008K
  class space    used 2730K, capacity 3042K, committed 3072K, reserved 1048576K
}

Deoptimization events (10 events):
Event: 8.750 Thread 0x00007fe2a2ac4000 Uncommon trap: reason=class_check action=maybe_recompile pc=0x000000011b0160d0 method=javafx.beans.property.ObjectPropertyBase.get()Ljava/lang/Object; @ 23 c2
Event: 8.750 Thread 0x00007fe2a2ac4000 Uncommon trap: reason=class_check action=maybe_recompile pc=0x000000011b0160d0 method=javafx.beans.property.ObjectPropertyBase.get()Ljava/lang/Object; @ 23 c2
Event: 12.690 Thread 0x00007fe2a2ac4000 Uncommon trap: reason=class_check action=maybe_recompile pc=0x000000011b0690dc method=javafx.scene.Node.updateLocalToParentTransform()V @ 11 c2
Event: 12.691 Thread 0x00007fe2a1b70800 Uncommon trap: reason=unstable_if action=reinterpret pc=0x000000011b040658 method=com.sun.javafx.geom.transform.AffineBase.updateState2D()V @ 51 c2
Event: 12.691 Thread 0x00007fe2a1b70800 Uncommon trap: reason=unstable_if action=reinterpret pc=0x000000011b02d430 method=com.sun.javafx.geom.transform.AffineBase.updateState2D()V @ 51 c2
Event: 12.691 Thread 0x00007fe2a1b70800 Uncommon trap: reason=unstable_if action=reinterpret pc=0x000000011b096984 method=com.sun.javafx.sg.prism.NGNode.computeNodeRenderRoot(Lcom/sun/javafx/sg/prism/NodePath;Lcom/sun/javafx/geom/RectBounds;ILcom/sun/javafx/geom/transform/BaseTransform;Lcom/sun
Event: 12.692 Thread 0x00007fe2a1b70800 Uncommon trap: reason=class_check action=maybe_recompile pc=0x000000011b076abc method=com.sun.javafx.font.CompositeStrike.getStrikeSlot(I)Lcom/sun/javafx/font/FontStrike; @ 16 c2
Event: 12.875 Thread 0x00007fe2a2ac4000 Uncommon trap: reason=class_check action=maybe_recompile pc=0x000000011b0690dc method=javafx.scene.Node.updateLocalToParentTransform()V @ 11 c2
Event: 13.059 Thread 0x00007fe2a2ac4000 Uncommon trap: reason=class_check action=maybe_recompile pc=0x000000011b0690dc method=javafx.scene.Node.updateLocalToParentTransform()V @ 11 c2
Event: 13.226 Thread 0x00007fe2a2ac4000 Uncommon trap: reason=class_check action=maybe_recompile pc=0x000000011b0690dc method=javafx.scene.Node.updateLocalToParentTransform()V @ 11 c2

Classes redefined (0 events):
No events

Internal exceptions (10 events):
Event: 3.401 Thread 0x00007fe2a2ac4000 Exception <a 'java/lang/NoSuchMethodError'{0x0000000787cfcbd0}: java.lang.invoke.DirectMethodHandle$Holder.invokeStatic(Ljava/lang/Object;Ljava/lang/Object;J)Ljava/lang/Object;> (0x0000000787cfcbd0) thrown at [./open/src/hotspot/share/interpreter/linkReso
Event: 3.402 Thread 0x00007fe2a2ac4000 Exception <a 'java/lang/NoSuchMethodError'{0x0000000787b037a0}: java.lang.invoke.Invokers$Holder.linkToTargetMethod(Ljava/lang/Object;JLjava/lang/Object;)Ljava/lang/Object;> (0x0000000787b037a0) thrown at [./open/src/hotspot/share/interpreter/linkResolver
Event: 3.497 Thread 0x00007fe2a1b70800 Exception <a 'java/lang/NoSuchMethodError'{0x0000000787adf300}: java.lang.invoke.DirectMethodHandle$Holder.invokeStaticInit(Ljava/lang/Object;Ljava/lang/Object;)I> (0x0000000787adf300) thrown at [./open/src/hotspot/share/interpreter/linkResolver.cpp, line
Event: 3.662 Thread 0x00007fe2a1b70800 Exception <a 'java/lang/NoSuchMethodError'{0x00000007877d47f0}: java.lang.invoke.DirectMethodHandle$Holder.invokeStaticInit(Ljava/lang/Object;I)Ljava/lang/Object;> (0x00000007877d47f0) thrown at [./open/src/hotspot/share/interpreter/linkResolver.cpp, line
Event: 7.248 Thread 0x00007fe2a2ac4000 Exception <a 'java/lang/NoSuchMethodError'{0x000000078727d5f8}: java.lang.invoke.DirectMethodHandle$Holder.invokeStatic(Ljava/lang/Object;Ljava/lang/Object;JIII)Ljava/lang/Object;> (0x000000078727d5f8) thrown at [./open/src/hotspot/share/interpreter/linkR
Event: 7.249 Thread 0x00007fe2a2ac4000 Exception <a 'java/lang/NoSuchMethodError'{0x0000000787291738}: java.lang.invoke.DirectMethodHandle$Holder.invokeStatic(Ljava/lang/Object;Ljava/lang/Object;ILjava/lang/Object;JIIII)Ljava/lang/Object;> (0x0000000787291738) thrown at [./open/src/hotspot/sha
Event: 8.706 Thread 0x00007fe2a2ac4000 Exception <a 'java/lang/NoSuchMethodError'{0x0000000787075bc0}: java.lang.invoke.DirectMethodHandle$Holder.invokeStatic(Ljava/lang/Object;Ljava/lang/Object;)J> (0x0000000787075bc0) thrown at [./open/src/hotspot/share/interpreter/linkResolver.cpp, line 772
Event: 8.745 Thread 0x00007fe2a2ac4000 Exception <a 'java/lang/NoSuchMethodError'{0x00000007870de7d0}: java.lang.invoke.DirectMethodHandle$Holder.invokeStatic(Ljava/lang/Object;Ljava/lang/Object;IIIIILjava/lang/Object;)Ljava/lang/Object;> (0x00000007870de7d0) thrown at [./open/src/hotspot/shar
Event: 8.746 Thread 0x00007fe2a2ac4000 Exception <a 'java/lang/NoSuchMethodError'{0x00000007870ef180}: java.lang.invoke.DirectMethodHandle$Holder.invokeStatic(Ljava/lang/Object;Ljava/lang/Object;Ljava/lang/Object;IIIII)Ljava/lang/Object;> (0x00000007870ef180) thrown at [./open/src/hotspot/shar
Event: 8.747 Thread 0x00007fe2a2ac4000 Exception <a 'java/lang/NoSuchMethodError'{0x00000007870f59e0}: java.lang.invoke.Invokers$Holder.linkToTargetMethod(Ljava/lang/Object;Ljava/lang/Object;IIIIILjava/lang/Object;)Ljava/lang/Object;> (0x00000007870f59e0) thrown at [./open/src/hotspot/share/in

Events (10 events):
Event: 12.875 Thread 0x00007fe2a2ac4000 DEOPT PACKING pc=0x000000011b0690dc sp=0x00007ff7b6ee7970
Event: 12.875 Thread 0x00007fe2a2ac4000 DEOPT UNPACKING pc=0x00000001134b3925 sp=0x00007ff7b6ee7900 mode 2
Event: 13.059 Thread 0x00007fe2a2ac4000 Uncommon trap: trap_request=0xffffffde fr.pc=0x000000011b0690dc relative=0x000000000000039c
Event: 13.059 Thread 0x00007fe2a2ac4000 DEOPT PACKING pc=0x000000011b0690dc sp=0x00007ff7b6ee7970
Event: 13.059 Thread 0x00007fe2a2ac4000 DEOPT UNPACKING pc=0x00000001134b3925 sp=0x00007ff7b6ee7900 mode 2
Event: 13.226 Thread 0x00007fe2a2ac4000 Uncommon trap: trap_request=0xffffffde fr.pc=0x000000011b0690dc relative=0x000000000000039c
Event: 13.226 Thread 0x00007fe2a2ac4000 DEOPT PACKING pc=0x000000011b0690dc sp=0x00007ff7b6ee7970
Event: 13.226 Thread 0x00007fe2a2ac4000 DEOPT UNPACKING pc=0x00000001134b3925 sp=0x00007ff7b6ee7900 mode 2
Event: 13.242 Thread 0x00007fe2a2ac4000 DEOPT PACKING pc=0x0000000113dd3904 sp=0x00007ff7b6ee7370
Event: 13.242 Thread 0x00007fe2a2ac4000 DEOPT UNPACKING pc=0x00000001134b40ca sp=0x00007ff7b6ee6848 mode 0


Dynamic libraries:
0x0000000109132000 	/Library/Java/JavaVirtualMachines/jdk-11.0.12.jdk/Contents/Home/lib/jli/libjli.dylib
0x00007ff822840000 	/System/Library/Frameworks/Cocoa.framework/Versions/A/Cocoa
0x00007ff80e4bd000 	/System/Library/Frameworks/AppKit.framework/Versions/C/AppKit
0x00007ff8119c8000 	/System/Library/Frameworks/CoreData.framework/Versions/A/CoreData
0x00007ff80c8c9000 	/System/Library/Frameworks/Foundation.framework/Versions/C/Foundation
0x00007ff8167e9000 	/usr/lib/libSystem.B.dylib
0x00007ff80f34b000 	/System/Library/PrivateFrameworks/UIFoundation.framework/Versions/A/UIFoundation
0x00007ff81c74a000 	/System/Library/PrivateFrameworks/RemoteViewServices.framework/Versions/A/RemoteViewServices
0x00007ff814a34000 	/System/Library/PrivateFrameworks/XCTTargetBootstrap.framework/Versions/A/XCTTargetBootstrap
0x00007ff8185f0000 	/System/Library/PrivateFrameworks/InternationalSupport.framework/Versions/A/InternationalSupport
0x00007ff81867a000 	/System/Library/PrivateFrameworks/UserActivity.framework/Versions/A/UserActivity
0x00007ff8179d0000 	/usr/lib/libspindump.dylib
0x00007ff80f5d9000 	/System/Library/Frameworks/UniformTypeIdentifiers.framework/Versions/A/UniformTypeIdentifiers
0x00007ff81315d000 	/usr/lib/libapp_launch_measurement.dylib
0x00007ff812398000 	/System/Library/PrivateFrameworks/CoreAnalytics.framework/Versions/A/CoreAnalytics
0x00007ff813160000 	/System/Library/PrivateFrameworks/CoreAutoLayout.framework/Versions/A/CoreAutoLayout
0x00007ff81438e000 	/System/Library/Frameworks/Metal.framework/Versions/A/Metal
0x00007ff8150ba000 	/usr/lib/liblangid.dylib
0x00007ff814a39000 	/System/Library/PrivateFrameworks/CoreSVG.framework/Versions/A/CoreSVG
0x00007ff8109c0000 	/System/Library/PrivateFrameworks/SkyLight.framework/Versions/A/SkyLight
0x00007ff810d5e000 	/System/Library/Frameworks/CoreGraphics.framework/Versions/A/CoreGraphics
0x00007ff81ce0a000 	/System/Library/Frameworks/Accelerate.framework/Versions/A/Accelerate
0x00007ff81744f000 	/System/Library/PrivateFrameworks/IconServices.framework/Versions/A/IconServices
0x00007ff814373000 	/System/Library/Frameworks/IOSurface.framework/Versions/A/IOSurface
0x00007ff8123c6000 	/usr/lib/libDiagnosticMessagesClient.dylib
0x00007ff816709000 	/usr/lib/libz.1.dylib
0x00007ff8204ed000 	/System/Library/Frameworks/ApplicationServices.framework/Versions/A/ApplicationServices
0x00007ff814a20000 	/System/Library/PrivateFrameworks/DFRFoundation.framework/Versions/A/DFRFoundation
0x00007ff80dda5000 	/usr/lib/libicucore.A.dylib
0x00007ff8193e5000 	/System/Library/Frameworks/AudioToolbox.framework/Versions/A/AudioToolbox
0x00007ff8185fc000 	/System/Library/PrivateFrameworks/DataDetectorsCore.framework/Versions/A/DataDetectorsCore
0x00007ff914589000 	/System/Library/PrivateFrameworks/TextInput.framework/Versions/A/TextInput
0x00007ff810943000 	/usr/lib/libMobileGestalt.dylib
0x00007ff81472c000 	/System/Library/Frameworks/Carbon.framework/Versions/A/Frameworks/HIToolbox.framework/Versions/A/HIToolbox
0x00007ff812b63000 	/System/Library/Frameworks/QuartzCore.framework/Versions/A/QuartzCore
0x00007ff80da4c000 	/System/Library/Frameworks/Security.framework/Versions/A/Security
0x00007ff81c782000 	/System/Library/Frameworks/Carbon.framework/Versions/A/Frameworks/SpeechRecognition.framework/Versions/A/SpeechRecognition
0x00007ff812ebd000 	/System/Library/PrivateFrameworks/CoreUI.framework/Versions/A/CoreUI
0x00007ff80d318000 	/System/Library/Frameworks/CoreAudio.framework/Versions/A/CoreAudio
0x00007ff8124b5000 	/System/Library/Frameworks/DiskArbitration.framework/Versions/A/DiskArbitration
0x00007ff817dbe000 	/System/Library/PrivateFrameworks/MultitouchSupport.framework/Versions/A/MultitouchSupport
0x00007ff810942000 	/usr/lib/libenergytrace.dylib
0x00007ff80e3a9000 	/System/Library/Frameworks/IOKit.framework/Versions/A/IOKit
0x00007ff81cb72000 	/System/Library/Frameworks/CoreServices.framework/Versions/A/CoreServices
0x00007ff8130f7000 	/System/Library/PrivateFrameworks/PerformanceAnalysis.framework/Versions/A/PerformanceAnalysis
0x00007ffa23aad000 	/System/Library/Frameworks/OpenGL.framework/Versions/A/OpenGL
0x00007ff815d23000 	/System/Library/PrivateFrameworks/MobileKeyBag.framework/Versions/A/MobileKeyBag
0x00007ff80b899000 	/usr/lib/libobjc.A.dylib
0x00007ff811429000 	/System/Library/Frameworks/ColorSync.framework/Versions/A/ColorSync
0x00007ff80ba57000 	/System/Library/Frameworks/CoreFoundation.framework/Versions/A/CoreFoundation
0x00007ff814cb0000 	/System/Library/Frameworks/CoreImage.framework/Versions/A/CoreImage
0x00007ff80d130000 	/System/Library/Frameworks/CoreText.framework/Versions/A/CoreText
0x00007ff814a69000 	/System/Library/Frameworks/ImageIO.framework/Versions/A/ImageIO
0x00007ff8167ef000 	/System/Library/PrivateFrameworks/SoftLinking.framework/Versions/A/SoftLinking
0x00007ff8131a8000 	/usr/lib/libxml2.2.dylib
0x00007ff80b963000 	/usr/lib/libc++.1.dylib
0x00007ff816a73000 	/usr/lib/libcompression.dylib
0x00007ff818523000 	/System/Library/PrivateFrameworks/TextureIO.framework/Versions/A/TextureIO
0x00007ff817161000 	/usr/lib/libate.dylib
0x00007ff8167e4000 	/usr/lib/system/libcache.dylib
0x00007ff8167a0000 	/usr/lib/system/libcommonCrypto.dylib
0x00007ff8167c9000 	/usr/lib/system/libcompiler_rt.dylib
0x00007ff8167bf000 	/usr/lib/system/libcopyfile.dylib
0x00007ff80b794000 	/usr/lib/system/libcorecrypto.dylib
0x00007ff80b852000 	/usr/lib/system/libdispatch.dylib
0x00007ff80ba16000 	/usr/lib/system/libdyld.dylib
0x00007ff8167db000 	/usr/lib/system/libkeymgr.dylib
0x00007ff81677e000 	/usr/lib/system/libmacho.dylib
0x00007ff815dfd000 	/usr/lib/system/libquarantine.dylib
0x00007ff8167d9000 	/usr/lib/system/libremovefile.dylib
0x00007ff810990000 	/usr/lib/system/libsystem_asl.dylib
0x00007ff80b73d000 	/usr/lib/system/libsystem_blocks.dylib
0x00007ff80b8da000 	/usr/lib/system/libsystem_c.dylib
0x00007ff8167d1000 	/usr/lib/system/libsystem_collections.dylib
0x00007ff8150aa000 	/usr/lib/system/libsystem_configuration.dylib
0x00007ff814356000 	/usr/lib/system/libsystem_containermanager.dylib
0x00007ff8164b7000 	/usr/lib/system/libsystem_coreservices.dylib
0x00007ff80e039000 	/usr/lib/system/libsystem_darwin.dylib
0x00007ff8167dc000 	/usr/lib/system/libsystem_dnssd.dylib
0x00007ff80b8d7000 	/usr/lib/system/libsystem_featureflags.dylib
0x00007ff80ba2c000 	/usr/lib/system/libsystem_info.dylib
0x00007ff81671c000 	/usr/lib/system/libsystem_m.dylib
0x00007ff80b826000 	/usr/lib/system/libsystem_malloc.dylib
0x00007ff81092b000 	/usr/lib/system/libsystem_networkextension.dylib
0x00007ff80e45f000 	/usr/lib/system/libsystem_notify.dylib
0x00007ff81ca47000 	/usr/lib/system/libsystem_product_info_filter.dylib
0x00007ff8150ae000 	/usr/lib/system/libsystem_sandbox.dylib
0x00007ff8167d6000 	/usr/lib/system/libsystem_secinit.dylib
0x00007ff80b9d2000 	/usr/lib/system/libsystem_kernel.dylib
0x00007ff80ba22000 	/usr/lib/system/libsystem_platform.dylib
0x00007ff80ba0a000 	/usr/lib/system/libsystem_pthread.dylib
0x00007ff8121d8000 	/usr/lib/system/libsystem_symptoms.dylib
0x00007ff80b77b000 	/usr/lib/system/libsystem_trace.dylib
0x00007ff8167ac000 	/usr/lib/system/libunwind.dylib
0x00007ff80b73f000 	/usr/lib/system/libxpc.dylib
0x00007ff80b9bc000 	/usr/lib/libc++abi.dylib
0x00007ff8167b7000 	/usr/lib/liboah.dylib
0x00007ff816f3d000 	/usr/lib/liblzma.5.dylib
0x00007ff80c5dc000 	/System/Library/Frameworks/SystemConfiguration.framework/Versions/A/SystemConfiguration
0x00007ff8167eb000 	/usr/lib/libfakelink.dylib
0x00007ff81049c000 	/System/Library/Frameworks/CFNetwork.framework/Versions/A/CFNetwork
0x00007ff81692c000 	/usr/lib/libarchive.2.dylib
0x00007ff8150b6000 	/System/Library/PrivateFrameworks/AppleSystemInfo.framework/Versions/A/AppleSystemInfo
0x00007ff815e24000 	/usr/lib/libbsm.0.dylib
0x00007ff80faaf000 	/usr/lib/libnetwork.dylib
0x00007ff816784000 	/usr/lib/system/libkxld.dylib
0x00007ff815a50000 	/System/Library/PrivateFrameworks/IOMobileFramebuffer.framework/Versions/A/IOMobileFramebuffer
0x00007ffb22fb4000 	/usr/lib/libCoreEntitlements.dylib
0x00007ff816499000 	/System/Library/PrivateFrameworks/AppleFSCompression.framework/Versions/A/AppleFSCompression
0x00007ff815e0c000 	/usr/lib/libcoretls.dylib
0x00007ff816f57000 	/usr/lib/libcoretls_cfhelpers.dylib
0x00007ff816a6e000 	/usr/lib/libpam.2.dylib
0x00007ff811df8000 	/usr/lib/libsqlite3.dylib
0x00007ff816fc6000 	/usr/lib/libxar.1.dylib
0x00007ff8164a9000 	/usr/lib/libbz2.1.0.dylib
0x00007ff8167f0000 	/usr/lib/libpcap.A.dylib
0x00007ff8121d0000 	/usr/lib/libdns_services.dylib
0x00007ff816a3e000 	/usr/lib/libapple_nghttp2.dylib
0x00007ff81682a000 	/usr/lib/libiconv.2.dylib
0x00007ff81677d000 	/usr/lib/libcharset.1.dylib
0x00007ff81312b000 	/System/Library/Frameworks/CoreServices.framework/Versions/A/Frameworks/FSEvents.framework/Versions/A/FSEvents
0x00007ff80e043000 	/System/Library/Frameworks/CoreServices.framework/Versions/A/Frameworks/CarbonCore.framework/Versions/A/CarbonCore
0x00007ff812419000 	/System/Library/Frameworks/CoreServices.framework/Versions/A/Frameworks/Metadata.framework/Versions/A/Metadata
0x00007ff8164bc000 	/System/Library/Frameworks/CoreServices.framework/Versions/A/Frameworks/OSServices.framework/Versions/A/OSServices
0x00007ff8169b3000 	/System/Library/Frameworks/CoreServices.framework/Versions/A/Frameworks/SearchKit.framework/Versions/A/SearchKit
0x00007ff812163000 	/System/Library/Frameworks/CoreServices.framework/Versions/A/Frameworks/AE.framework/Versions/A/AE
0x00007ff80bf59000 	/System/Library/Frameworks/CoreServices.framework/Versions/A/Frameworks/LaunchServices.framework/Versions/A/LaunchServices
0x00007ff816eee000 	/System/Library/Frameworks/CoreServices.framework/Versions/A/Frameworks/DictionaryServices.framework/Versions/A/DictionaryServices
0x00007ff813138000 	/System/Library/Frameworks/CoreServices.framework/Versions/A/Frameworks/SharedFileList.framework/Versions/A/SharedFileList
0x00007ff815e00000 	/usr/lib/libCheckFix.dylib
0x00007ff8109a7000 	/System/Library/PrivateFrameworks/TCC.framework/Versions/A/TCC
0x00007ff8150bc000 	/System/Library/PrivateFrameworks/CoreNLP.framework/Versions/A/CoreNLP
0x00007ff8123c9000 	/System/Library/PrivateFrameworks/MetadataUtilities.framework/Versions/A/MetadataUtilities
0x00007ff80c68c000 	/usr/lib/libmecabra.dylib
0x00007ff815e34000 	/usr/lib/libmecab.dylib
0x00007ff80c657000 	/usr/lib/libCRFSuite.dylib
0x00007ff815e8e000 	/usr/lib/libgermantok.dylib
0x00007ff816a19000 	/usr/lib/libThaiTokenizer.dylib
0x00007ff8124bc000 	/System/Library/Frameworks/Accelerate.framework/Versions/A/Frameworks/vImage.framework/Versions/A/vImage
0x00007ff81cb49000 	/System/Library/Frameworks/Accelerate.framework/Versions/A/Frameworks/vecLib.framework/Versions/A/vecLib
0x00007ff817007000 	/System/Library/Frameworks/Accelerate.framework/Versions/A/Frameworks/vecLib.framework/Versions/A/libvMisc.dylib
0x00007ff81587b000 	/System/Library/Frameworks/Accelerate.framework/Versions/A/Frameworks/vecLib.framework/Versions/A/libvDSP.dylib
0x00007ff80c2d3000 	/System/Library/Frameworks/Accelerate.framework/Versions/A/Frameworks/vecLib.framework/Versions/A/libBLAS.dylib
0x00007ff816b50000 	/System/Library/Frameworks/Accelerate.framework/Versions/A/Frameworks/vecLib.framework/Versions/A/libLAPACK.dylib
0x00007ff815e91000 	/System/Library/Frameworks/Accelerate.framework/Versions/A/Frameworks/vecLib.framework/Versions/A/libLinearAlgebra.dylib
0x00007ff816a56000 	/System/Library/Frameworks/Accelerate.framework/Versions/A/Frameworks/vecLib.framework/Versions/A/libSparseBLAS.dylib
0x00007ff816b4a000 	/System/Library/Frameworks/Accelerate.framework/Versions/A/Frameworks/vecLib.framework/Versions/A/libQuadrature.dylib
0x00007ff8151a7000 	/System/Library/Frameworks/Accelerate.framework/Versions/A/Frameworks/vecLib.framework/Versions/A/libBNNS.dylib
0x00007ff80c56d000 	/System/Library/Frameworks/Accelerate.framework/Versions/A/Frameworks/vecLib.framework/Versions/A/libSparse.dylib
0x00007ff8151a0000 	/System/Library/PrivateFrameworks/LinguisticData.framework/Versions/A/LinguisticData
0x00007ff80c523000 	/System/Library/PrivateFrameworks/Lexicon.framework/Versions/A/Lexicon
0x00007ff817000000 	/usr/lib/libChineseTokenizer.dylib
0x00007ff80cc85000 	/System/Library/PrivateFrameworks/LanguageModeling.framework/Versions/A/LanguageModeling
0x00007ff816a1b000 	/System/Library/PrivateFrameworks/AppleSauce.framework/Versions/A/AppleSauce
0x00007ff815a3e000 	/System/Library/PrivateFrameworks/CoreEmoji.framework/Versions/A/CoreEmoji
0x00007ff81691b000 	/usr/lib/libcmph.dylib
0x00007ff81310f000 	/System/Library/Frameworks/OpenDirectory.framework/Versions/A/Frameworks/CFOpenDirectory.framework/Versions/A/CFOpenDirectory
0x00007ff813103000 	/System/Library/Frameworks/OpenDirectory.framework/Versions/A/OpenDirectory
0x00007ff816f59000 	/System/Library/PrivateFrameworks/APFS.framework/Versions/A/APFS
0x00007ff815d5b000 	/System/Library/Frameworks/SecurityFoundation.framework/Versions/A/SecurityFoundation
0x00007ff816fd4000 	/usr/lib/libutil.dylib
0x00007ff80e36d000 	/System/Library/PrivateFrameworks/CoreServicesStore.framework/Versions/A/CoreServicesStore
0x00007ff816fd8000 	/usr/lib/libxslt.1.dylib
0x00007ff815de8000 	/System/Library/PrivateFrameworks/BackgroundTaskManagement.framework/Versions/A/BackgroundTaskManagement
0x00007ff818443000 	/System/Library/Frameworks/ImageIO.framework/Versions/A/Resources/libRadiance.dylib
0x00007ff81844c000 	/System/Library/Frameworks/ImageIO.framework/Versions/A/Resources/libJPEG.dylib
0x00007ff81839d000 	/System/Library/Frameworks/ImageIO.framework/Versions/A/Resources/libPng.dylib
0x00007ff8183be000 	/System/Library/Frameworks/ImageIO.framework/Versions/A/Resources/libTIFF.dylib
0x00007ff8184ac000 	/System/Library/Frameworks/ImageIO.framework/Versions/A/Resources/libGIF.dylib
0x00007ff817cd8000 	/System/Library/Frameworks/ImageIO.framework/Versions/A/Resources/libJP2.dylib
0x00007ff817416000 	/usr/lib/libexpat.1.dylib
0x00007ff817c8d000 	/System/Library/PrivateFrameworks/AppleJPEG.framework/Versions/A/AppleJPEG
0x00007ff8145f0000 	/System/Library/PrivateFrameworks/FontServices.framework/libFontParser.dylib
0x00007ff81210d000 	/System/Library/PrivateFrameworks/RunningBoardServices.framework/Versions/A/RunningBoardServices
0x00007ff822df8000 	/System/Library/PrivateFrameworks/IOSurfaceAccelerator.framework/Versions/A/IOSurfaceAccelerator
0x00007ff817dba000 	/System/Library/PrivateFrameworks/WatchdogClient.framework/Versions/A/WatchdogClient
0x00007ff80cd73000 	/System/Library/Frameworks/CoreDisplay.framework/Versions/A/CoreDisplay
0x00007ff8144ee000 	/System/Library/Frameworks/CoreMedia.framework/Versions/A/CoreMedia
0x00007ff814385000 	/System/Library/PrivateFrameworks/IOAccelerator.framework/Versions/A/IOAccelerator
0x00007ff81328c000 	/System/Library/Frameworks/CoreVideo.framework/Versions/A/CoreVideo
0x00007ff816a6c000 	/System/Library/Frameworks/MetalPerformanceShaders.framework/Versions/A/MetalPerformanceShaders
0x00007ff817df7000 	/System/Library/Frameworks/VideoToolbox.framework/Versions/A/VideoToolbox
0x00007ff812057000 	/System/Library/PrivateFrameworks/BaseBoard.framework/Versions/A/BaseBoard
0x00007ff811dde000 	/System/Library/PrivateFrameworks/ProtocolBuffer.framework/Versions/A/ProtocolBuffer
0x00007ff81843c000 	/System/Library/PrivateFrameworks/GPUWrangler.framework/Versions/A/GPUWrangler
0x00007ff818420000 	/System/Library/PrivateFrameworks/IOPresentment.framework/Versions/A/IOPresentment
0x00007ff818446000 	/System/Library/PrivateFrameworks/DSExternalDisplay.framework/Versions/A/DSExternalDisplay
0x00007ffa23aa1000 	/System/Library/Frameworks/OpenGL.framework/Versions/A/Libraries/libCoreFSCache.dylib
0x00007ffb1075d000 	/System/Library/PrivateFrameworks/GPUCompiler.framework/Versions/31001/Libraries/libGPUCompilerUtils.dylib
0x00007ff8184b1000 	/System/Library/PrivateFrameworks/CMCaptureCore.framework/Versions/A/CMCaptureCore
0x00007ff8179be000 	/System/Library/PrivateFrameworks/AppServerSupport.framework/Versions/A/AppServerSupport
0x00007ff819c7d000 	/System/Library/PrivateFrameworks/perfdata.framework/Versions/A/perfdata
0x00007ff80ce9f000 	/System/Library/PrivateFrameworks/AudioToolboxCore.framework/Versions/A/AudioToolboxCore
0x00007ff8144cc000 	/System/Library/PrivateFrameworks/caulk.framework/Versions/A/caulk
0x00007ff81958f000 	/usr/lib/libAudioStatistics.dylib
0x00007ff910d37000 	/System/Library/PrivateFrameworks/SystemPolicy.framework/Versions/A/SystemPolicy
0x00007ff8197ea000 	/usr/lib/libSMC.dylib
0x00007ff8226f3000 	/System/Library/Frameworks/CoreMIDI.framework/Versions/A/CoreMIDI
0x00007ff81836c000 	/usr/lib/libAudioToolboxUtility.dylib
0x00007ff90cfda000 	/System/Library/PrivateFrameworks/OSAServicesClient.framework/Versions/A/OSAServicesClient
0x00007ff819c8a000 	/usr/lib/libperfcheck.dylib
0x00007ff9117e1000 	/usr/lib/libmis.dylib
0x00007ffa23afc000 	/System/Library/Frameworks/OpenGL.framework/Versions/A/Libraries/libGLU.dylib
0x00007ffa23ac0000 	/System/Library/Frameworks/OpenGL.framework/Versions/A/Libraries/libGFXShared.dylib
0x00007ffa23cc9000 	/System/Library/Frameworks/OpenGL.framework/Versions/A/Libraries/libGL.dylib
0x00007ffa23ac9000 	/System/Library/Frameworks/OpenGL.framework/Versions/A/Libraries/libGLImage.dylib
0x00007ffa23abd000 	/System/Library/Frameworks/OpenGL.framework/Versions/A/Libraries/libCVMSPluginSupport.dylib
0x00007ffa23aa8000 	/System/Library/Frameworks/OpenGL.framework/Versions/A/Libraries/libCoreVMClient.dylib
0x00007ff815038000 	/System/Library/Frameworks/MetalPerformanceShaders.framework/Versions/A/Frameworks/MPSCore.framework/Versions/A/MPSCore
0x00007ff816404000 	/System/Library/Frameworks/MetalPerformanceShaders.framework/Versions/A/Frameworks/MPSImage.framework/Versions/A/MPSImage
0x00007ff815ea7000 	/System/Library/Frameworks/MetalPerformanceShaders.framework/Versions/A/Frameworks/MPSNeuralNetwork.framework/Versions/A/MPSNeuralNetwork
0x00007ff81631b000 	/System/Library/Frameworks/MetalPerformanceShaders.framework/Versions/A/Frameworks/MPSMatrix.framework/Versions/A/MPSMatrix
0x00007ff8160d6000 	/System/Library/Frameworks/MetalPerformanceShaders.framework/Versions/A/Frameworks/MPSRayIntersector.framework/Versions/A/MPSRayIntersector
0x00007ff816353000 	/System/Library/Frameworks/MetalPerformanceShaders.framework/Versions/A/Frameworks/MPSNDArray.framework/Versions/A/MPSNDArray
0x00007ffa28a29000 	/System/Library/Frameworks/MetalPerformanceShaders.framework/Versions/A/Frameworks/MPSFunctions.framework/Versions/A/MPSFunctions
0x00007ff80c1b0000 	/System/Library/PrivateFrameworks/MetalTools.framework/Versions/A/MetalTools
0x00007ff8150b4000 	/System/Library/PrivateFrameworks/AggregateDictionary.framework/Versions/A/AggregateDictionary
0x00007ff8171f8000 	/usr/lib/libIOReport.dylib
0x00007ffa250d8000 	/System/Library/Frameworks/OpenCL.framework/Versions/A/OpenCL
0x00007ff81755c000 	/System/Library/PrivateFrameworks/FaceCore.framework/Versions/A/FaceCore
0x00007ff81754d000 	/System/Library/PrivateFrameworks/GraphVisualizer.framework/Versions/A/GraphVisualizer
0x00007ffb10668000 	/System/Library/PrivateFrameworks/FontServices.framework/Versions/A/FontServices
0x00007ff817976000 	/System/Library/PrivateFrameworks/OTSVG.framework/Versions/A/OTSVG
0x00007ff812e73000 	/System/Library/Frameworks/ApplicationServices.framework/Versions/A/Frameworks/ATS.framework/Versions/A/Resources/libFontRegistry.dylib
0x00007ff8179c6000 	/System/Library/PrivateFrameworks/FontServices.framework/libhvf.dylib
0x00007ffb10669000 	/System/Library/PrivateFrameworks/FontServices.framework/libXTFontStaticRegistryData.dylib
0x00007ff8173c6000 	/System/Library/PrivateFrameworks/AppleVA.framework/Versions/A/AppleVA
0x00007ff8195af000 	/System/Library/Frameworks/ApplicationServices.framework/Versions/A/Frameworks/ATS.framework/Versions/A/ATS
0x00007ff811525000 	/System/Library/Frameworks/ApplicationServices.framework/Versions/A/Frameworks/HIServices.framework/Versions/A/HIServices
0x00007ff8184bb000 	/System/Library/Frameworks/ApplicationServices.framework/Versions/A/Frameworks/PrintCore.framework/Versions/A/PrintCore
0x00007ff81993d000 	/System/Library/Frameworks/ApplicationServices.framework/Versions/A/Frameworks/QD.framework/Versions/A/QD
0x00007ff819935000 	/System/Library/Frameworks/ApplicationServices.framework/Versions/A/Frameworks/ColorSyncLegacy.framework/Versions/A/ColorSyncLegacy
0x00007ff81959f000 	/System/Library/Frameworks/ApplicationServices.framework/Versions/A/Frameworks/SpeechSynthesis.framework/Versions/A/SpeechSynthesis
0x00007ff81847c000 	/System/Library/Frameworks/ApplicationServices.framework/Versions/A/Frameworks/ATSUI.framework/Versions/A/ATSUI
0x00007ff8198ca000 	/usr/lib/libcups.2.dylib
0x00007ff819c99000 	/System/Library/Frameworks/Kerberos.framework/Versions/A/Kerberos
0x00007ff819ca8000 	/System/Library/Frameworks/GSS.framework/Versions/A/GSS
0x00007ff81961b000 	/usr/lib/libresolv.9.dylib
0x00007ff8179d5000 	/System/Library/PrivateFrameworks/Heimdal.framework/Versions/A/Heimdal
0x00007ff820875000 	/System/Library/Frameworks/Kerberos.framework/Versions/A/Libraries/libHeimdalProxy.dylib
0x00007ff8121e0000 	/System/Library/Frameworks/Network.framework/Versions/A/Network
0x00007ff817430000 	/usr/lib/libheimdal-asn1.dylib
0x00007ff819cf3000 	/System/Library/PrivateFrameworks/CommonAuth.framework/Versions/A/CommonAuth
0x00007ff819521000 	/System/Library/PrivateFrameworks/AudioSession.framework/Versions/A/AudioSession
0x00007ff8174c0000 	/System/Library/PrivateFrameworks/MediaExperience.framework/Versions/A/MediaExperience
0x00007ff8193b4000 	/System/Library/PrivateFrameworks/AudioSession.framework/libSessionUtility.dylib
0x00007ff819949000 	/System/Library/PrivateFrameworks/AudioResourceArbitration.framework/Versions/A/AudioResourceArbitration
0x00007ff81d9bc000 	/System/Library/PrivateFrameworks/PowerLog.framework/Versions/A/PowerLog
0x00007ff817439000 	/System/Library/PrivateFrameworks/IconFoundation.framework/Versions/A/IconFoundation
0x00007ff81c772000 	/System/Library/PrivateFrameworks/SpeechRecognitionCore.framework/Versions/A/SpeechRecognitionCore
0x0000000109ec1000 	/Library/Java/JavaVirtualMachines/jdk-11.0.12.jdk/Contents/Home/lib/server/libjvm.dylib
0x0000000109160000 	/Library/Java/JavaVirtualMachines/jdk-11.0.12.jdk/Contents/Home/lib/libverify.dylib
0x000000010919c000 	/Library/Java/JavaVirtualMachines/jdk-11.0.12.jdk/Contents/Home/lib/libjava.dylib
0x0000000109170000 	/Library/Java/JavaVirtualMachines/jdk-11.0.12.jdk/Contents/Home/lib/libjimage.dylib
0x000000010918b000 	/Library/Java/JavaVirtualMachines/jdk-11.0.12.jdk/Contents/Home/lib/libinstrument.dylib
0x0000000109208000 	/Library/Java/JavaVirtualMachines/jdk-11.0.12.jdk/Contents/Home/lib/libzip.dylib
0x0000000109c52000 	/Library/Java/JavaVirtualMachines/jdk-11.0.12.jdk/Contents/Home/lib/libnio.dylib
0x0000000109c7e000 	/Library/Java/JavaVirtualMachines/jdk-11.0.12.jdk/Contents/Home/lib/libnet.dylib
0x0000000109c47000 	/Library/Java/JavaVirtualMachines/jdk-11.0.12.jdk/Contents/Home/lib/libextnet.dylib
0x0000000109c70000 	/Users/harrisonkennethmccauley/Downloads/javafx-sdk-11.0.2/lib/libprism_es2.dylib
0x00007ff80e32f000 	/System/Library/PrivateFrameworks/CoreServicesInternal.framework/Versions/A/CoreServicesInternal
0x00007ffa23cd4000 	/System/Library/Frameworks/OpenGL.framework/Versions/A/Resources/GLEngine.bundle/GLEngine
0x00007ffa23b3a000 	/System/Library/Frameworks/OpenGL.framework/Versions/A/Libraries/libGLProgrammability.dylib
0x00007ffa18b55000 	/System/Library/Extensions/AppleIntelKBLGraphicsGLDriver.bundle/Contents/MacOS/AppleIntelKBLGraphicsGLDriver
0x00007ff91b91b000 	/System/Library/PrivateFrameworks/GPUSupport.framework/Versions/A/Libraries/libGPUSupportMercury.dylib
0x00007ffa23e5e000 	/System/Library/Frameworks/OpenGL.framework/Versions/A/Resources/GLRendererFloat.bundle/GLRendererFloat
0x000000012b71e000 	/Users/harrisonkennethmccauley/Downloads/javafx-sdk-11.0.2/lib/libglass.dylib
0x00007ff81dfad000 	/System/Library/Frameworks/FileProvider.framework/Versions/A/FileProvider
0x00007ff811fc4000 	/System/Library/Frameworks/Accounts.framework/Versions/A/Accounts
0x00007ff81e126000 	/System/Library/PrivateFrameworks/GenerationalStorage.framework/Versions/A/GenerationalStorage
0x00007ff81ec39000 	/System/Library/PrivateFrameworks/CoreSymbolication.framework/Versions/A/CoreSymbolication
0x00007ff81d9b1000 	/System/Library/PrivateFrameworks/SymptomDiagnosticReporter.framework/Versions/A/SymptomDiagnosticReporter
0x00007ff80f5ed000 	/System/Library/PrivateFrameworks/DesktopServicesPriv.framework/Versions/A/DesktopServicesPriv
0x00007ff80e46e000 	/usr/lib/libsandbox.1.dylib
0x00007ff81330b000 	/System/Library/PrivateFrameworks/UserManagement.framework/Versions/A/UserManagement
0x00007ff81ebfe000 	/System/Library/PrivateFrameworks/DebugSymbols.framework/Versions/A/DebugSymbols
0x00007ff81992a000 	/System/Library/PrivateFrameworks/NetAuth.framework/Versions/A/NetAuth
0x00007ff81a837000 	/System/Library/PrivateFrameworks/Sharing.framework/Versions/A/Sharing
0x00007ff8132de000 	/System/Library/PrivateFrameworks/login.framework/Versions/A/Frameworks/loginsupport.framework/Versions/A/loginsupport
0x00007ff81fd9c000 	/System/Library/PrivateFrameworks/Apple80211.framework/Versions/A/Apple80211
0x00007ff8164e9000 	/System/Library/PrivateFrameworks/AuthKit.framework/Versions/A/AuthKit
0x00007ff815b34000 	/System/Library/PrivateFrameworks/CoreUtils.framework/Versions/A/CoreUtils
0x00007ff815a5b000 	/System/Library/Frameworks/CoreWLAN.framework/Versions/A/CoreWLAN
0x00007ff81a996000 	/System/Library/Frameworks/IOBluetooth.framework/Versions/A/IOBluetooth
0x00007ff81fe04000 	/System/Library/PrivateFrameworks/CoreWiFi.framework/Versions/A/CoreWiFi
0x00007ff81e7d0000 	/System/Library/PrivateFrameworks/FrontBoardServices.framework/Versions/A/FrontBoardServices
0x00007ff81e861000 	/System/Library/PrivateFrameworks/BoardServices.framework/Versions/A/BoardServices
0x00007ff815d4a000 	/System/Library/PrivateFrameworks/AssertionServices.framework/Versions/A/AssertionServices
0x00007ff81ff87000 	/System/Library/PrivateFrameworks/BackBoardServices.framework/Versions/A/BackBoardServices
0x00007ff819d84000 	/System/Library/PrivateFrameworks/CorePhoneNumbers.framework/Versions/A/CorePhoneNumbers
0x00007ff81dace000 	/System/Library/PrivateFrameworks/DiskManagement.framework/Versions/A/DiskManagement
0x00007ff81d9e2000 	/System/Library/PrivateFrameworks/AppleIDAuthSupport.framework/Versions/A/AppleIDAuthSupport
0x00007ffa2afea000 	/System/Library/PrivateFrameworks/AAAFoundation.framework/Versions/A/AAAFoundation
0x00007ff819d65000 	/System/Library/PrivateFrameworks/KeychainCircle.framework/Versions/A/KeychainCircle
0x00007ff81da9a000 	/System/Library/PrivateFrameworks/MediaKit.framework/Versions/A/MediaKit
0x00007ff81d9ee000 	/System/Library/Frameworks/DiscRecording.framework/Versions/A/DiscRecording
0x00007ff81733e000 	/usr/lib/libCoreStorage.dylib
0x00007ff820275000 	/usr/lib/libcsfde.dylib
0x00007ff81aa63000 	/System/Library/PrivateFrameworks/ProtectedCloudStorage.framework/Versions/A/ProtectedCloudStorage
0x00007ff820271000 	/System/Library/PrivateFrameworks/EFILogin.framework/Versions/A/EFILogin
0x00007ff81e14c000 	/System/Library/PrivateFrameworks/OctagonTrust.framework/Versions/A/OctagonTrust
0x00007ffb0f8d7000 	/System/Library/PrivateFrameworks/CoreUtilsExtras.framework/Versions/A/CoreUtilsExtras
0x00007ff81d915000 	/System/Library/Frameworks/CoreBluetooth.framework/Versions/A/CoreBluetooth
0x00007ff8208fa000 	/System/Library/Frameworks/AudioUnit.framework/Versions/A/AudioUnit
0x00007ff817336000 	/usr/lib/libMatch.1.dylib
0x00007ff915dba000 	/System/Library/Frameworks/Accelerate.framework/Versions/A/Frameworks/vImage.framework/Versions/A/Libraries/libCGInterfaces.dylib
0x000000012cbd2000 	/usr/lib/libobjc-trampolines.dylib
0x00007ff813003000 	/System/Library/PrivateFrameworks/ViewBridge.framework/Versions/A/ViewBridge
0x00007ff817a8c000 	/System/Library/PrivateFrameworks/login.framework/Versions/A/login
0x000000012f2f3000 	/Users/harrisonkennethmccauley/Downloads/javafx-sdk-11.0.2/lib/libjavafx_font.dylib
0x000000012f543000 	/Users/harrisonkennethmccauley/Downloads/javafx-sdk-11.0.2/lib/libjavafx_iio.dylib
0x00007ffb230c3000 	/usr/lib/libRosetta.dylib
0x000000012ef33000 	/System/Library/Frameworks/FileProvider.framework/OverrideBundles/CloudDocsFileProvider.bundle/Contents/MacOS/CloudDocsFileProvider
0x00007ff813521000 	/System/Library/PrivateFrameworks/CloudDocs.framework/Versions/A/CloudDocs
0x00007ff82059a000 	/System/Library/PrivateFrameworks/AppleAccount.framework/Versions/A/AppleAccount
0x00007ff81aa4a000 	/System/Library/PrivateFrameworks/AppContainer.framework/Versions/A/AppContainer
0x00007ff81a508000 	/System/Library/PrivateFrameworks/IDS.framework/Versions/A/IDS
0x00007ff8206f1000 	/System/Library/PrivateFrameworks/AppleIDSSOAuthentication.framework/Versions/A/AppleIDSSOAuthentication
0x00007ff8132e1000 	/System/Library/PrivateFrameworks/ApplePushService.framework/Versions/A/ApplePushService
0x00007ff8202f7000 	/System/Library/PrivateFrameworks/AppSupport.framework/Versions/A/AppSupport
0x00007ff819319000 	/System/Library/PrivateFrameworks/IMFoundation.framework/Versions/A/IMFoundation
0x00007ff90c81e000 	/System/Library/PrivateFrameworks/Marco.framework/Versions/A/Marco
0x00007ff81a67c000 	/System/Library/PrivateFrameworks/IDSFoundation.framework/Versions/A/IDSFoundation
0x00007ff81203f000 	/System/Library/PrivateFrameworks/CommonUtilities.framework/Versions/A/CommonUtilities
0x00007ff9113f1000 	/System/Library/PrivateFrameworks/FTServices.framework/Versions/A/FTServices
0x00007ff824144000 	/System/Library/PrivateFrameworks/Engram.framework/Versions/A/Engram
0x00007ff8240eb000 	/usr/lib/libtidy.A.dylib
0x00007ff817c39000 	/System/Library/PrivateFrameworks/Bom.framework/Versions/A/Bom
0x00007ff819658000 	/usr/lib/libParallelCompression.dylib
0x00007ff817201000 	/System/Library/PrivateFrameworks/CrashReporterSupport.framework/Versions/A/CrashReporterSupport
0x00007ff91b6e4000 	/System/Library/PrivateFrameworks/FTAWD.framework/Versions/A/FTAWD
0x00007ff91d79c000 	/System/Library/PrivateFrameworks/OSAnalytics.framework/Versions/A/OSAnalytics
0x00007ff9288ef000 	/System/Library/PrivateFrameworks/Symbolication.framework/Versions/A/Symbolication
0x00007ff9117be000 	/System/Library/PrivateFrameworks/MallocStackLogging.framework/Versions/A/MallocStackLogging
0x00007ff81ce82000 	/System/Library/PrivateFrameworks/CoreDaemon.framework/Versions/B/CoreDaemon
0x00007ff81ce7d000 	/System/Library/PrivateFrameworks/AppleSRP.framework/Versions/A/AppleSRP
0x00007ff815df2000 	/System/Library/Frameworks/ServiceManagement.framework/Versions/A/ServiceManagement
0x00007ff81aa5f000 	/System/Library/PrivateFrameworks/SecCodeWrapper.framework/Versions/A/SecCodeWrapper
0x000000012fe9c000 	/System/Library/Frameworks/FileProvider.framework/OverrideBundles/FileProviderOverride.bundle/Contents/MacOS/FileProviderOverride
0x000000012ff35000 	/System/Library/Frameworks/FileProvider.framework/OverrideBundles/FinderSyncCollaborationFileProviderOverride.bundle/Contents/MacOS/FinderSyncCollaborationFileProviderOverride
0x00007ff921e59000 	/System/Library/PrivateFrameworks/FinderSyncPriv.framework/Versions/A/FinderSyncPriv
0x00007ff90f710000 	/usr/lib/libFosl_dynamic.dylib
0x00007ff91558d000 	/usr/lib/libncurses.5.4.dylib
0x00007ffa16cd9000 	/System/Library/Extensions/AppleIntelKBLGraphicsMTLDriver.bundle/Contents/MacOS/AppleIntelKBLGraphicsMTLDriver
0x00007ff9117fc000 	/System/Library/PrivateFrameworks/GPURawCounter.framework/Versions/A/GPURawCounter
0x00007ff81ce8e000 	/System/Library/PrivateFrameworks/SystemAdministration.framework/Versions/A/SystemAdministration
0x00007ff8186e5000 	/System/Library/Frameworks/MediaToolbox.framework/Versions/A/MediaToolbox
0x00007ff81c73e000 	/System/Library/Frameworks/DirectoryService.framework/Versions/A/DirectoryService
0x00007ff820113000 	/System/Library/PrivateFrameworks/DiskImages.framework/Versions/A/DiskImages
0x00007ff8202ef000 	/System/Library/PrivateFrameworks/LoginUIKit.framework/Versions/A/Frameworks/LoginUICore.framework/Versions/A/LoginUICore
0x00007ff817c35000 	/usr/lib/libodfde.dylib
0x00007ff81df7d000 	/System/Library/PrivateFrameworks/CoreAVCHD.framework/Versions/A/CoreAVCHD
0x00007ff81ce52000 	/System/Library/Frameworks/MediaAccessibility.framework/Versions/A/MediaAccessibility
0x00007ff81df79000 	/System/Library/PrivateFrameworks/Mangrove.framework/Versions/A/Mangrove
0x00007ff81ce5d000 	/System/Library/PrivateFrameworks/AlgosScoreFramework.framework/Versions/A/AlgosScoreFramework
0x00007ffb0cbd1000 	/System/Library/PrivateFrameworks/CMPhoto.framework/Versions/A/CMPhoto
0x00007ff81ead4000 	/System/Library/PrivateFrameworks/AppleVPA.framework/Versions/A/AppleVPA
0x00007ff81dbbe000 	/System/Library/PrivateFrameworks/CoreAUC.framework/Versions/A/CoreAUC
0x00007ff820281000 	/usr/lib/libcurl.4.dylib
0x00007ffb2352f000 	/usr/lib/libcrypto.46.dylib
0x00007ffb23a20000 	/usr/lib/libssl.48.dylib
0x00007ff81ffa5000 	/System/Library/Frameworks/LDAP.framework/Versions/A/LDAP
0x00007ff81ffdd000 	/System/Library/PrivateFrameworks/TrustEvaluationAgent.framework/Versions/A/TrustEvaluationAgent
0x00007ff819634000 	/usr/lib/libsasl2.2.dylib
0x00007ffa2b6ab000 	/System/Library/PrivateFrameworks/AccessibilityBundles.framework/Versions/A/AccessibilityBundles


VM Arguments:
jvm_args: --module-path=/Users/harrisonkennethmccauley/Downloads/javafx-sdk-11.0.2/lib --add-modules=javafx.controls -Djava.library.path=/Users/harrisonkennethmccauley/Downloads/javafx-sdk-11.0.2/lib -javaagent:/Users/harrisonkennethmccauley/Library/Application Support/JetBrains/Toolbox/apps/IDEA-U/ch-0/221.5080.210/IntelliJ IDEA.app/Contents/lib/idea_rt.jar=55571:/Users/harrisonkennethmccauley/Library/Application Support/JetBrains/Toolbox/apps/IDEA-U/ch-0/221.5080.210/IntelliJ IDEA.app/Contents/bin -Dfile.encoding=UTF-8 
java_command: Jordle
java_class_path (initial): /Users/harrisonkennethmccauley/Downloads/JavaFX/out/production/JavaFX:/Users/harrisonkennethmccauley/Downloads/javafx-sdk-11.0.2/lib/src.zip:/Users/harrisonkennethmccauley/Downloads/javafx-sdk-11.0.2/lib/javafx-swt.jar:/Users/harrisonkennethmccauley/Downloads/javafx-sdk-11.0.2/lib/javafx.web.jar:/Users/harrisonkennethmccauley/Downloads/javafx-sdk-11.0.2/lib/javafx.base.jar:/Users/harrisonkennethmccauley/Downloads/javafx-sdk-11.0.2/lib/javafx.fxml.jar:/Users/harrisonkennethmccauley/Downloads/javafx-sdk-11.0.2/lib/javafx.media.jar:/Users/harrisonkennethmccauley/Downloads/javafx-sdk-11.0.2/lib/javafx.swing.jar:/Users/harrisonkennethmccauley/Downloads/javafx-sdk-11.0.2/lib/javafx.controls.jar:/Users/harrisonkennethmccauley/Downloads/javafx-sdk-11.0.2/lib/javafx.graphics.jar
Launcher Type: SUN_STANDARD

[Global flags]
     intx CICompilerCount                          = 3                                         {product} {ergonomic}
     uint ConcGCThreads                            = 1                                         {product} {ergonomic}
     uint G1ConcRefinementThreads                  = 4                                         {product} {ergonomic}
   size_t G1HeapRegionSize                         = 1048576                                   {product} {ergonomic}
    uintx GCDrainStackTargetSize                   = 64                                        {product} {ergonomic}
   size_t InitialHeapSize                          = 134217728                                 {product} {ergonomic}
   size_t MarkStackSize                            = 4194304                                   {product} {ergonomic}
   size_t MaxHeapSize                              = 2147483648                                {product} {ergonomic}
   size_t MaxNewSize                               = 1287651328                                {product} {ergonomic}
   size_t MinHeapDeltaBytes                        = 1048576                                   {product} {ergonomic}
    uintx NonNMethodCodeHeapSize                   = 5830732                                {pd product} {ergonomic}
    uintx NonProfiledCodeHeapSize                  = 122913754                              {pd product} {ergonomic}
    uintx ProfiledCodeHeapSize                     = 122913754                              {pd product} {ergonomic}
    uintx ReservedCodeCacheSize                    = 251658240                              {pd product} {ergonomic}
     bool SegmentedCodeCache                       = true                                      {product} {ergonomic}
     bool UseCompressedClassPointers               = true                                 {lp64_product} {ergonomic}
     bool UseCompressedOops                        = true                                 {lp64_product} {ergonomic}
     bool UseG1GC                                  = true                                      {product} {ergonomic}

Logging:
Log output configuration:
 #0: stdout all=warning uptime,level,tags
 #1: stderr all=off uptime,level,tags

Environment Variables:
PATH=/usr/local/sbin:/usr/local/bin:/Users/harrisonkennethmccauley/opt/anaconda3/bin:/Users/harrisonkennethmccauley/opt/anaconda3/condabin:/Users/harrisonkennethmccauley/.cabal/bin:/Users/harrisonkennethmccauley/.ghcup/bin:/Library/Frameworks/Python.framework/Versions/3.7/bin:/usr/local/bin:/usr/bin:/bin:/usr/sbin:/sbin:/usr/local/share/dotnet:~/.dotnet/tools:/Library/Apple/usr/bin:/Library/Frameworks/Mono.framework/Versions/Current/Commands
SHELL=/bin/bash

Signal Handlers:
SIGSEGV: [libjvm.dylib+0x79688e], sa_mask[0]=11111111011111110111111111111111, sa_flags=SA_ONSTACK|SA_RESTART|SA_SIGINFO
SIGBUS: [libjvm.dylib+0x79688e], sa_mask[0]=11111111011111110111111111111111, sa_flags=SA_RESTART|SA_SIGINFO
SIGFPE: [libjvm.dylib+0x79688e], sa_mask[0]=11111111011111110111111111111111, sa_flags=SA_RESTART|SA_SIGINFO
SIGPIPE: [libjvm.dylib+0x6488fa], sa_mask[0]=11111111011111110111111111111111, sa_flags=SA_RESTART|SA_SIGINFO
SIGXFSZ: [libjvm.dylib+0x6488fa], sa_mask[0]=11111111011111110111111111111111, sa_flags=SA_RESTART|SA_SIGINFO
SIGILL: [libjvm.dylib+0x79688e], sa_mask[0]=11111111011111110111111111111111, sa_flags=SA_RESTART|SA_SIGINFO
SIGUSR2: [libjvm.dylib+0x648ece], sa_mask[0]=00100000000000000000000000000000, sa_flags=SA_RESTART|SA_SIGINFO
SIGHUP: [libjvm.dylib+0x64798f], sa_mask[0]=11111111011111110111111111111111, sa_flags=SA_RESTART|SA_SIGINFO
SIGINT: [libjvm.dylib+0x64798f], sa_mask[0]=11111111011111110111111111111111, sa_flags=SA_RESTART|SA_SIGINFO
SIGTERM: [libjvm.dylib+0x64798f], sa_mask[0]=11111111011111110111111111111111, sa_flags=SA_RESTART|SA_SIGINFO
SIGQUIT: [libjvm.dylib+0x64798f], sa_mask[0]=11111111011111110111111111111111, sa_flags=SA_RESTART|SA_SIGINFO


---------------  S Y S T E M  ---------------

OS:uname:Darwin 21.4.0 Darwin Kernel Version 21.4.0: Fri Mar 18 00:45:05 PDT 2022; root:xnu-8020.101.4~15/RELEASE_X86_64 x86_64
rlimit: STACK 8192k, CORE 0k, NPROC 1392, NOFILE 10240, AS infinity, DATA infinity, FSIZE infinity
load average:9.14 18.82 22.42

CPU:total 4 (initial active 4) (2 cores per cpu, 2 threads per core) family 6 model 142 stepping 9 microcode 0xec, cmov, cx8, fxsr, mmx, sse, sse2, sse3, ssse3, sse4.1, sse4.2, popcnt, avx, avx2, aes, clmul, erms, 3dnowpref, lzcnt, ht, tsc, tscinvbit, bmi1, bmi2, adx, fma

Memory: 4k page, physical 8388608k(216468k free)

vm_info: Java HotSpot(TM) 64-Bit Server VM (11.0.12+8-LTS-237) for bsd-amd64 JRE (11.0.12+8-LTS-237), built on Jun  8 2021 10:26:22 by "mach5one" with gcc 4.2.1 Compatible Apple LLVM 11.0.0 (clang-1100.0.33.17)

END.
